<?xml version="1.0" encoding="UTF-8"?>
<testsuites name="Midtrans-Sofie" time="153.07" tests="2" failures="1" errors="0">
   <testsuite name="Midtrans-Sofie" tests="2" failures="1" errors="0" time="153.07" skipped="0" timestamp="2021-07-26 22:56:14" hostname="arisahazriaty - 192.168.1.2" id="Test Suites/Midtrans-Sofie">
      <properties>
         <property name="deviceName" value=""/>
         <property name="devicePlatform" value=""/>
         <property name="logFolder" value="/Users/arisahazriaty/Katalon Studio/ProjectMidtrans/Reports/20210726_225549/Midtrans-Sofie/20210726_225549"/>
         <property name="logFiles" value="/Users/arisahazriaty/Katalon Studio/ProjectMidtrans/Reports/20210726_225549/Midtrans-Sofie/20210726_225549/execution0.log"/>
         <property name="attachments" value="/Users/arisahazriaty/Katalon Studio/ProjectMidtrans/Reports/20210726_225549/Midtrans-Sofie/20210726_225549/1627315125808.png, /Users/arisahazriaty/Katalon Studio/ProjectMidtrans/Reports/20210726_225549/Midtrans-Sofie/20210726_225549/1627315126343.png"/>
         <property name="hostName" value="arisahazriaty - 192.168.1.2"/>
         <property name="os" value="Mac OS X 64bit"/>
         <property name="katalonVersion" value="8.0.5.208"/>
         <property name="browser" value="Chrome 91.0.4472.164"/>
         <property name="hostAddress" value="192.168.1.2"/>
         <property name="sessionId" value="f308643a7855ec59727798e835503152"/>
         <property name="seleniumVersion" value="3.141.59"/>
         <property name="proxyInformation" value="ProxyInformation { proxyOption=NO_PROXY, proxyServerType=HTTP, username=, password=********, proxyServerAddress=, proxyServerPort=0, executionList=&quot;&quot;, isApplyToDesiredCapabilities=true }"/>
         <property name="platform" value="Mac OS X"/>
      </properties>
      <testcase name="Test Cases/Midtrans001-Positive" time="11.769" classname="Test Cases/Midtrans001-Positive" status="PASSED">
         <system-out><![CDATA[2021-07-26 22:56:15 - [TEST_CASE][PASSED] - Test Cases/Midtrans001-Positive: Test Cases/Midtrans001-Positive

2021-07-26 22:56:16 - [TEST_STEP][PASSED] - openBrowser(""): Browser is opened with url: ''

2021-07-26 22:56:18 - [MESSAGE][INFO] - Starting 'Chrome' driver

2021-07-26 22:56:18 - [MESSAGE][INFO] - Action delay is set to 0 milliseconds

2021-07-26 22:56:24 - [MESSAGE][PASSED] - Browser is opened with url: ''

2021-07-26 22:56:24 - [TEST_STEP][PASSED] - maximizeWindow(): Current window maximized

2021-07-26 22:56:25 - [MESSAGE][PASSED] - Current window maximized

2021-07-26 22:56:25 - [TEST_STEP][PASSED] - navigateToUrl(baseURL): Navigate to 'https://demo.midtrans.com/' successfully

2021-07-26 22:56:27 - [MESSAGE][PASSED] - Navigate to 'https://demo.midtrans.com/' successfully]]></system-out>
         <system-err><![CDATA[]]></system-err>
      </testcase>
      <testcase name="Test Cases/Sofie-Case-Positive" time="139.346" classname="Test Cases/Sofie-Case-Positive" status="FAILED">
         <failure type="FAILED" message="Test Cases/Sofie-Case-Positive FAILED.
Reason:
com.kms.katalon.core.exception.StepFailedException: Unable to verify object 'Object Repository/div_Transaction successful' is present
	at com.kms.katalon.core.webui.keyword.internal.WebUIKeywordMain.stepFailed(WebUIKeywordMain.groovy:64)
	at com.kms.katalon.core.webui.keyword.internal.WebUIKeywordMain.runKeyword(WebUIKeywordMain.groovy:26)
	at com.kms.katalon.core.webui.keyword.builtin.VerifyElementPresentKeyword.verifyElementPresent(VerifyElementPresentKeyword.groovy:92)
	at com.kms.katalon.core.webui.keyword.builtin.VerifyElementPresentKeyword.execute(VerifyElementPresentKeyword.groovy:68)
	at com.kms.katalon.core.keyword.internal.KeywordExecutor.executeKeywordForPlatform(KeywordExecutor.groovy:73)
	at com.kms.katalon.core.webui.keyword.WebUiBuiltInKeywords.verifyElementPresent(WebUiBuiltInKeywords.groovy:1464)
	at com.kms.katalon.core.webui.keyword.WebUiBuiltInKeywords$verifyElementPresent$8.call(Unknown Source)
	at Sofie-Case-Positive.run(Sofie-Case-Positive:91)
	at com.kms.katalon.core.main.ScriptEngine.run(ScriptEngine.java:194)
	at com.kms.katalon.core.main.ScriptEngine.runScriptAsRawText(ScriptEngine.java:119)
	at com.kms.katalon.core.main.TestCaseExecutor.runScript(TestCaseExecutor.java:369)
	at com.kms.katalon.core.main.TestCaseExecutor.doExecute(TestCaseExecutor.java:360)
	at com.kms.katalon.core.main.TestCaseExecutor.processExecutionPhase(TestCaseExecutor.java:339)
	at com.kms.katalon.core.main.TestCaseExecutor.accessMainPhase(TestCaseExecutor.java:331)
	at com.kms.katalon.core.main.TestCaseExecutor.execute(TestCaseExecutor.java:248)
	at com.kms.katalon.core.main.TestSuiteExecutor.accessTestCaseMainPhase(TestSuiteExecutor.java:191)
	at com.kms.katalon.core.main.TestSuiteExecutor.accessTestSuiteMainPhase(TestSuiteExecutor.java:140)
	at com.kms.katalon.core.main.TestSuiteExecutor.execute(TestSuiteExecutor.java:89)
	at com.kms.katalon.core.main.TestCaseMain.startTestSuite(TestCaseMain.java:185)
	at com.kms.katalon.core.main.TestCaseMain$startTestSuite$0.call(Unknown Source)
	at TempTestSuite1627314949670.run(TempTestSuite1627314949670.groovy:39)
Caused by: com.kms.katalon.core.exception.StepFailedException: com.kms.katalon.core.webui.exception.WebElementNotFoundException: Web element with id: 'Object Repository/div_Transaction successful' located by 'div.text-success.text-bold' not found
	at com.kms.katalon.core.webui.keyword.internal.WebUIKeywordMain.stepFailed(WebUIKeywordMain.groovy:64)
	at com.kms.katalon.core.webui.keyword.builtin.VerifyElementPresentKeyword$_verifyElementPresent_closure1.doCall(VerifyElementPresentKeyword.groovy:85)
	at com.kms.katalon.core.webui.keyword.builtin.VerifyElementPresentKeyword$_verifyElementPresent_closure1.call(VerifyElementPresentKeyword.groovy)
	at com.kms.katalon.core.webui.keyword.internal.WebUIKeywordMain.runKeyword(WebUIKeywordMain.groovy:20)
	... 19 more
"/>
         <system-out><![CDATA[2021-07-26 22:56:27 - [TEST_CASE][FAILED] - Test Cases/Sofie-Case-Positive: Test Cases/Sofie-Case-Positive FAILED.
Reason:
com.kms.katalon.core.exception.StepFailedException: Unable to verify object 'Object Repository/div_Transaction successful' is present
	at com.kms.katalon.core.webui.keyword.internal.WebUIKeywordMain.stepFailed(WebUIKeywordMain.groovy:64)
	at com.kms.katalon.core.webui.keyword.internal.WebUIKeywordMain.runKeyword(WebUIKeywordMain.groovy:26)
	at com.kms.katalon.core.webui.keyword.builtin.VerifyElementPresentKeyword.verifyElementPresent(VerifyElementPresentKeyword.groovy:92)
	at com.kms.katalon.core.webui.keyword.builtin.VerifyElementPresentKeyword.execute(VerifyElementPresentKeyword.groovy:68)
	at com.kms.katalon.core.keyword.internal.KeywordExecutor.executeKeywordForPlatform(KeywordExecutor.groovy:73)
	at com.kms.katalon.core.webui.keyword.WebUiBuiltInKeywords.verifyElementPresent(WebUiBuiltInKeywords.groovy:1464)
	at com.kms.katalon.core.webui.keyword.WebUiBuiltInKeywords$verifyElementPresent$8.call(Unknown Source)
	at Sofie-Case-Positive.run(Sofie-Case-Positive:91)
	at com.kms.katalon.core.main.ScriptEngine.run(ScriptEngine.java:194)
	at com.kms.katalon.core.main.ScriptEngine.runScriptAsRawText(ScriptEngine.java:119)
	at com.kms.katalon.core.main.TestCaseExecutor.runScript(TestCaseExecutor.java:369)
	at com.kms.katalon.core.main.TestCaseExecutor.doExecute(TestCaseExecutor.java:360)
	at com.kms.katalon.core.main.TestCaseExecutor.processExecutionPhase(TestCaseExecutor.java:339)
	at com.kms.katalon.core.main.TestCaseExecutor.accessMainPhase(TestCaseExecutor.java:331)
	at com.kms.katalon.core.main.TestCaseExecutor.execute(TestCaseExecutor.java:248)
	at com.kms.katalon.core.main.TestSuiteExecutor.accessTestCaseMainPhase(TestSuiteExecutor.java:191)
	at com.kms.katalon.core.main.TestSuiteExecutor.accessTestSuiteMainPhase(TestSuiteExecutor.java:140)
	at com.kms.katalon.core.main.TestSuiteExecutor.execute(TestSuiteExecutor.java:89)
	at com.kms.katalon.core.main.TestCaseMain.startTestSuite(TestCaseMain.java:185)
	at com.kms.katalon.core.main.TestCaseMain$startTestSuite$0.call(Unknown Source)
	at TempTestSuite1627314949670.run(TempTestSuite1627314949670.groovy:39)
Caused by: com.kms.katalon.core.exception.StepFailedException: com.kms.katalon.core.webui.exception.WebElementNotFoundException: Web element with id: 'Object Repository/div_Transaction successful' located by 'div.text-success.text-bold' not found
	at com.kms.katalon.core.webui.keyword.internal.WebUIKeywordMain.stepFailed(WebUIKeywordMain.groovy:64)
	at com.kms.katalon.core.webui.keyword.builtin.VerifyElementPresentKeyword$_verifyElementPresent_closure1.doCall(VerifyElementPresentKeyword.groovy:85)
	at com.kms.katalon.core.webui.keyword.builtin.VerifyElementPresentKeyword$_verifyElementPresent_closure1.call(VerifyElementPresentKeyword.groovy)
	at com.kms.katalon.core.webui.keyword.internal.WebUIKeywordMain.runKeyword(WebUIKeywordMain.groovy:20)
	... 19 more


2021-07-26 22:56:29 - [TEST_STEP][PASSED] - data = findTestData("midtrans-sofie/midtrans sofie"): null

2021-07-26 22:56:30 - [TEST_STEP][FAILED] - for ([rowlogin = 1, rowlogin <= data.getRowNumbers(), (rowlogin++)]): Unable to verify object 'Object Repository/div_Transaction successful' is present (Root cause: com.kms.katalon.core.exception.StepFailedException: Unable to verify object 'Object Repository/div_Transaction successful' is present
	at com.kms.katalon.core.webui.keyword.internal.WebUIKeywordMain.stepFailed(WebUIKeywordMain.groovy:64)
	at com.kms.katalon.core.webui.keyword.internal.WebUIKeywordMain.runKeyword(WebUIKeywordMain.groovy:26)
	at com.kms.katalon.core.webui.keyword.builtin.VerifyElementPresentKeyword.verifyElementPresent(VerifyElementPresentKeyword.groovy:92)
	at com.kms.katalon.core.webui.keyword.builtin.VerifyElementPresentKeyword.execute(VerifyElementPresentKeyword.groovy:68)
	at com.kms.katalon.core.keyword.internal.KeywordExecutor.executeKeywordForPlatform(KeywordExecutor.groovy:73)
	at com.kms.katalon.core.webui.keyword.WebUiBuiltInKeywords.verifyElementPresent(WebUiBuiltInKeywords.groovy:1464)
	at com.kms.katalon.core.webui.keyword.WebUiBuiltInKeywords$verifyElementPresent$8.call(Unknown Source)
	at Sofie-Case-Positive.run(Sofie-Case-Positive:91)
	at com.kms.katalon.core.main.ScriptEngine.run(ScriptEngine.java:194)
	at com.kms.katalon.core.main.ScriptEngine.runScriptAsRawText(ScriptEngine.java:119)
	at com.kms.katalon.core.main.TestCaseExecutor.runScript(TestCaseExecutor.java:369)
	at com.kms.katalon.core.main.TestCaseExecutor.doExecute(TestCaseExecutor.java:360)
	at com.kms.katalon.core.main.TestCaseExecutor.processExecutionPhase(TestCaseExecutor.java:339)
	at com.kms.katalon.core.main.TestCaseExecutor.accessMainPhase(TestCaseExecutor.java:331)
	at com.kms.katalon.core.main.TestCaseExecutor.execute(TestCaseExecutor.java:248)
	at com.kms.katalon.core.main.TestSuiteExecutor.accessTestCaseMainPhase(TestSuiteExecutor.java:191)
	at com.kms.katalon.core.main.TestSuiteExecutor.accessTestSuiteMainPhase(TestSuiteExecutor.java:140)
	at com.kms.katalon.core.main.TestSuiteExecutor.execute(TestSuiteExecutor.java:89)
	at com.kms.katalon.core.main.TestCaseMain.startTestSuite(TestCaseMain.java:185)
	at com.kms.katalon.core.main.TestCaseMain$startTestSuite$0.call(Unknown Source)
	at TempTestSuite1627314949670.run(TempTestSuite1627314949670.groovy:39)
Caused by: com.kms.katalon.core.exception.StepFailedException: com.kms.katalon.core.webui.exception.WebElementNotFoundException: Web element with id: 'Object Repository/div_Transaction successful' located by 'div.text-success.text-bold' not found
	at com.kms.katalon.core.webui.keyword.internal.WebUIKeywordMain.stepFailed(WebUIKeywordMain.groovy:64)
	at com.kms.katalon.core.webui.keyword.builtin.VerifyElementPresentKeyword$_verifyElementPresent_closure1.doCall(VerifyElementPresentKeyword.groovy:85)
	at com.kms.katalon.core.webui.keyword.builtin.VerifyElementPresentKeyword$_verifyElementPresent_closure1.call(VerifyElementPresentKeyword.groovy)
	at com.kms.katalon.core.webui.keyword.internal.WebUIKeywordMain.runKeyword(WebUIKeywordMain.groovy:20)
	... 19 more
)

2021-07-26 22:56:30 - [TEST_STEP][PASSED] - click(findTestObject("btn-buy-now")): Object: 'Object Repository/btn-buy-now' is clicked on

2021-07-26 22:56:30 - [MESSAGE][PASSED] - Object: 'Object Repository/btn-buy-now' is clicked on

2021-07-26 22:56:30 - [TEST_STEP][PASSED] - clearText(findTestObject("txt-amount")): Text of object 'Object Repository/txt-amount' is cleared

2021-07-26 22:56:31 - [MESSAGE][PASSED] - Text of object 'Object Repository/txt-amount' is cleared

2021-07-26 22:56:31 - [TEST_STEP][PASSED] - clearText(findTestObject("txt-name")): Text of object 'Object Repository/txt-name' is cleared

2021-07-26 22:56:32 - [MESSAGE][PASSED] - Text of object 'Object Repository/txt-name' is cleared

2021-07-26 22:56:32 - [TEST_STEP][PASSED] - clearText(findTestObject("txt-email")): Text of object 'Object Repository/txt-email' is cleared

2021-07-26 22:56:32 - [MESSAGE][PASSED] - Text of object 'Object Repository/txt-email' is cleared

2021-07-26 22:56:32 - [TEST_STEP][PASSED] - clearText(findTestObject("txt-phone")): Text of object 'Object Repository/txt-phone' is cleared

2021-07-26 22:56:33 - [MESSAGE][PASSED] - Text of object 'Object Repository/txt-phone' is cleared

2021-07-26 22:56:33 - [TEST_STEP][PASSED] - clearText(findTestObject("txt-city")): Text of object 'Object Repository/txt-city' is cleared

2021-07-26 22:56:33 - [MESSAGE][PASSED] - Text of object 'Object Repository/txt-city' is cleared

2021-07-26 22:56:33 - [TEST_STEP][PASSED] - clearText(findTestObject("txt-address")): Text of object 'Object Repository/txt-address' is cleared

2021-07-26 22:56:33 - [MESSAGE][PASSED] - Text of object 'Object Repository/txt-address' is cleared

2021-07-26 22:56:33 - [TEST_STEP][PASSED] - clearText(findTestObject("txt-postal-code")): Text of object 'Object Repository/txt-postal-code' is cleared

2021-07-26 22:56:34 - [MESSAGE][PASSED] - Text of object 'Object Repository/txt-postal-code' is cleared

2021-07-26 22:56:34 - [TEST_STEP][PASSED] - setText(findTestObject("txt-amount"), data.getValue("amount", rowlogin)): Text '20000' is set on object 'Object Repository/txt-amount'

2021-07-26 22:56:35 - [MESSAGE][PASSED] - Text '20000' is set on object 'Object Repository/txt-amount'

2021-07-26 22:56:35 - [TEST_STEP][PASSED] - setText(findTestObject("txt-amount"), data.getValue("amount", rowlogin)): Text '20000' is set on object 'Object Repository/txt-amount'

2021-07-26 22:56:35 - [MESSAGE][PASSED] - Text '20000' is set on object 'Object Repository/txt-amount'

2021-07-26 22:56:35 - [TEST_STEP][PASSED] - setText(findTestObject("txt-name"), data.getValue("name", rowlogin)): Text 'Arisa Hazriaty' is set on object 'Object Repository/txt-name'

2021-07-26 22:56:36 - [MESSAGE][PASSED] - Text 'Arisa Hazriaty' is set on object 'Object Repository/txt-name'

2021-07-26 22:56:36 - [TEST_STEP][PASSED] - setText(findTestObject("txt-email"), data.getValue("email", rowlogin)): Text 'Arisahazriaty16041993@gmail.com' is set on object 'Object Repository/txt-email'

2021-07-26 22:56:37 - [MESSAGE][PASSED] - Text 'Arisahazriaty16041993@gmail.com' is set on object 'Object Repository/txt-email'

2021-07-26 22:56:37 - [TEST_STEP][PASSED] - setText(findTestObject("txt-phone"), data.getValue("phone", rowlogin)): Text '81286858991' is set on object 'Object Repository/txt-phone'

2021-07-26 22:56:38 - [MESSAGE][PASSED] - Text '81286858991' is set on object 'Object Repository/txt-phone'

2021-07-26 22:56:38 - [TEST_STEP][PASSED] - setText(findTestObject("txt-city"), data.getValue("city", rowlogin)): Text 'Tangerang' is set on object 'Object Repository/txt-city'

2021-07-26 22:56:39 - [MESSAGE][PASSED] - Text 'Tangerang' is set on object 'Object Repository/txt-city'

2021-07-26 22:56:39 - [TEST_STEP][PASSED] - setText(findTestObject("txt-address"), data.getValue("address", rowlogin)): Text 'Karawaci' is set on object 'Object Repository/txt-address'

2021-07-26 22:56:40 - [MESSAGE][PASSED] - Text 'Karawaci' is set on object 'Object Repository/txt-address'

2021-07-26 22:56:40 - [TEST_STEP][PASSED] - setText(findTestObject("txt-postal-code"), data.getValue("postal", rowlogin)): Text '15152' is set on object 'Object Repository/txt-postal-code'

2021-07-26 22:56:40 - [MESSAGE][PASSED] - Text '15152' is set on object 'Object Repository/txt-postal-code'

2021-07-26 22:56:40 - [TEST_STEP][PASSED] - click(findTestObject("btn-checkout")): Object: 'Object Repository/btn-checkout' is clicked on

2021-07-26 22:56:41 - [MESSAGE][PASSED] - Object: 'Object Repository/btn-checkout' is clicked on

2021-07-26 22:56:41 - [TEST_STEP][PASSED] - switchToFrame(findTestObject("iframe"), 15): [SELF-HEALING] The current locator of test object 'Object Repository/iframe' was broken. Propose an alternative one: '//iframe[@id='snap-midtrans']'.

2021-07-26 22:56:57 - [MESSAGE][INFO] - Unable to find the element located by 'By.xpath: //*[@src = 'https://app.sandbox.midtrans.com/snap/v1/pay?origin_host=https://demo.midtrans.com&digest=40b45cde5af955914cd02faf976ebf644b6d0cc4627f23ea6ea89be809b9fead&client_key=VT-client-yrHf-c8Sxr-ck8tx#/' and @id = 'snap-midtrans' and @name = 'popup_1626846935623']'. Please recheck the objects properties to make sure the desired element is located. 

2021-07-26 22:56:57 - [MESSAGE][WARNING] - [SELF-HEALING] Failed to find element with id 'Object Repository/iframe'. Try using Self-healing.

2021-07-26 22:56:58 - [MESSAGE][WARNING] - [SELF-HEALING] The current locator of test object 'Object Repository/iframe' was broken. Propose an alternative one: '//iframe[@id='snap-midtrans']'.

2021-07-26 22:56:58 - [TEST_STEP][PASSED] - click(findTestObject("Tab-ShippingDetails")): Object: 'Object Repository/Tab-ShippingDetails' is clicked on

2021-07-26 22:56:58 - [MESSAGE][PASSED] - Object: 'Object Repository/Tab-ShippingDetails' is clicked on

2021-07-26 22:56:58 - [TEST_STEP][PASSED] - click(findTestObject("lbl-order-details")): Object: 'Object Repository/lbl-order-details' is clicked on

2021-07-26 22:56:58 - [MESSAGE][PASSED] - Object: 'Object Repository/lbl-order-details' is clicked on

2021-07-26 22:56:58 - [TEST_STEP][PASSED] - click(findTestObject("btn-continue")): Object: 'Object Repository/btn-continue' is clicked on

2021-07-26 22:56:58 - [MESSAGE][PASSED] - Object: 'Object Repository/btn-continue' is clicked on

2021-07-26 22:56:58 - [TEST_STEP][PASSED] - click(findTestObject("btn-creditcard")): Object: 'Object Repository/btn-creditcard' is clicked on

2021-07-26 22:56:59 - [MESSAGE][PASSED] - Object: 'Object Repository/btn-creditcard' is clicked on

2021-07-26 22:56:59 - [TEST_STEP][PASSED] - setText(findTestObject("txt-cardnumber"), data.getValue("card_number", rowlogin)): Text ''4811111111111114’' is set on object 'Object Repository/txt-cardnumber'

2021-07-26 22:57:00 - [MESSAGE][PASSED] - Text ''4811111111111114’' is set on object 'Object Repository/txt-cardnumber'

2021-07-26 22:57:00 - [TEST_STEP][PASSED] - setText(findTestObject("txt-expiry-date"), data.getValue("expiry_date", rowlogin)): Text '01/25' is set on object 'Object Repository/txt-expiry-date'

2021-07-26 22:57:00 - [MESSAGE][PASSED] - Text '01/25' is set on object 'Object Repository/txt-expiry-date'

2021-07-26 22:57:00 - [TEST_STEP][PASSED] - setText(findTestObject("txt-cvv"), data.getValue("cvv", rowlogin)): Text '123' is set on object 'Object Repository/txt-cvv'

2021-07-26 22:57:00 - [MESSAGE][PASSED] - Text '123' is set on object 'Object Repository/txt-cvv'

2021-07-26 22:57:00 - [TEST_STEP][PASSED] - verifyElementClickable(findTestObject("chx-pot-10-persen")): Object 'Object Repository/chx-pot-10-persen' is clickable

2021-07-26 22:57:00 - [MESSAGE][PASSED] - Object 'Object Repository/chx-pot-10-persen' is clickable

2021-07-26 22:57:00 - [TEST_STEP][PASSED] - if (data.getValue("promo", rowlogin) == "A"): Object 'Object Repository/chx-pot-10-rupiah' is checked

2021-07-26 22:57:00 - [TEST_STEP][PASSED] - check(findTestObject("chx-pot-10-rupiah")): Object 'Object Repository/chx-pot-10-rupiah' is checked

2021-07-26 22:57:01 - [MESSAGE][PASSED] - Object 'Object Repository/chx-pot-10-rupiah' is checked

2021-07-26 22:57:01 - [TEST_STEP][PASSED] - click(findTestObject("btn-pay-now")): Object: 'Object Repository/btn-pay-now' is clicked on

2021-07-26 22:57:01 - [MESSAGE][PASSED] - Object: 'Object Repository/btn-pay-now' is clicked on

2021-07-26 22:57:01 - [TEST_STEP][PASSED] - switchToFrame(findTestObject("iframe - IssuingBank"), 3): [SELF-HEALING] The current locator of test object 'Object Repository/iframe - IssuingBank' was broken. Propose an alternative one: 'iframe'.

2021-07-26 22:57:05 - [MESSAGE][INFO] - Unable to find the element located by 'By.xpath: //*[@src = 'https://app.sandbox.midtrans.com/snap/v1/pay?origin_host=https://demo.midtrans.com&digest=40b45cde5af955914cd02faf976ebf644b6d0cc4627f23ea6ea89be809b9fead&client_key=VT-client-yrHf-c8Sxr-ck8tx#/' and @id = 'snap-midtrans' and @name = 'popup_1626922698409']'. Please recheck the objects properties to make sure the desired element is located. 

2021-07-26 22:57:05 - [MESSAGE][WARNING] - [SELF-HEALING] Failed to find element with id 'Object Repository/iframe - IssuingBank'. Try using Self-healing.

2021-07-26 22:57:05 - [MESSAGE][WARNING] - [SELF-HEALING] The current locator of test object 'Object Repository/iframe - IssuingBank' was broken. Propose an alternative one: 'iframe'.

2021-07-26 22:57:05 - [TEST_STEP][PASSED] - setText(findTestObject("txt-password-issuingBank"), data.getValue("password", rowlogin)): Text '112233' is set on object 'Object Repository/txt-password-issuingBank'

2021-07-26 22:57:05 - [MESSAGE][PASSED] - Text '112233' is set on object 'Object Repository/txt-password-issuingBank'

2021-07-26 22:57:05 - [TEST_STEP][PASSED] - click(findTestObject("btn-ok-issuingBank")): Object: 'Object Repository/btn-ok-issuingBank' is clicked on

2021-07-26 22:57:07 - [MESSAGE][PASSED] - Object: 'Object Repository/btn-ok-issuingBank' is clicked on

2021-07-26 22:57:07 - [TEST_STEP][PASSED] - verifyElementPresent(findTestObject("div_Transaction successful"), 0): Object 'Object Repository/div_Transaction successful' is present

2021-07-26 22:57:07 - [MESSAGE][WARNING] - Timeout '0' is invalid. Using default page load timeout: '30'

2021-07-26 22:57:07 - [MESSAGE][WARNING] - Timeout '0' is invalid. Using default page load timeout: '30'

2021-07-26 22:57:07 - [MESSAGE][PASSED] - Object 'Object Repository/div_Transaction successful' is present

2021-07-26 22:57:07 - [TEST_STEP][PASSED] - verifyElementVisible(findTestObject("lbl-status-transaction"), STOP_ON_FAILURE): Object 'Object Repository/lbl-status-transaction' is visible

2021-07-26 22:57:39 - [MESSAGE][INFO] - Unable to find the element located by 'By.xpath: '. Please recheck the objects properties to make sure the desired element is located. 

2021-07-26 22:57:39 - [MESSAGE][WARNING] - [SELF-HEALING] Failed to find element with id 'Object Repository/lbl-status-transaction'. Try using Self-healing.

2021-07-26 22:57:39 - [MESSAGE][WARNING] - [SELF-HEALING] The current locator of test object 'Object Repository/lbl-status-transaction' was broken. Propose an alternative one: '.trans-status'.

2021-07-26 22:57:39 - [MESSAGE][PASSED] - Object 'Object Repository/lbl-status-transaction' is visible

2021-07-26 22:57:39 - [TEST_STEP][PASSED] - enableSmartWait(): null

2021-07-26 22:57:39 - [TEST_STEP][PASSED] - switchToDefaultContent(): null

2021-07-26 22:57:39 - [TEST_STEP][PASSED] - verifyMatch(popup_success_transaction, data.getValue("expected_result", rowlogin), false): Actual text 'Thank you for your purchase' and expected text 'Thank you for your purchase' are matched 

2021-07-26 22:57:39 - [MESSAGE][PASSED] - Actual text 'Thank you for your purchase' and expected text 'Thank you for your purchase' are matched 

2021-07-26 22:57:39 - [TEST_STEP][PASSED] - click(findTestObject("btn-buy-now")): Object: 'Object Repository/btn-buy-now' is clicked on

2021-07-26 22:57:39 - [MESSAGE][PASSED] - Object: 'Object Repository/btn-buy-now' is clicked on

2021-07-26 22:57:39 - [TEST_STEP][PASSED] - clearText(findTestObject("txt-amount")): Text of object 'Object Repository/txt-amount' is cleared

2021-07-26 22:57:40 - [MESSAGE][PASSED] - Text of object 'Object Repository/txt-amount' is cleared

2021-07-26 22:57:40 - [TEST_STEP][PASSED] - clearText(findTestObject("txt-name")): Text of object 'Object Repository/txt-name' is cleared

2021-07-26 22:57:40 - [MESSAGE][PASSED] - Text of object 'Object Repository/txt-name' is cleared

2021-07-26 22:57:40 - [TEST_STEP][PASSED] - clearText(findTestObject("txt-email")): Text of object 'Object Repository/txt-email' is cleared

2021-07-26 22:57:41 - [MESSAGE][PASSED] - Text of object 'Object Repository/txt-email' is cleared

2021-07-26 22:57:41 - [TEST_STEP][PASSED] - clearText(findTestObject("txt-phone")): Text of object 'Object Repository/txt-phone' is cleared

2021-07-26 22:57:41 - [MESSAGE][PASSED] - Text of object 'Object Repository/txt-phone' is cleared

2021-07-26 22:57:41 - [TEST_STEP][PASSED] - clearText(findTestObject("txt-city")): Text of object 'Object Repository/txt-city' is cleared

2021-07-26 22:57:41 - [MESSAGE][PASSED] - Text of object 'Object Repository/txt-city' is cleared

2021-07-26 22:57:41 - [TEST_STEP][PASSED] - clearText(findTestObject("txt-address")): Text of object 'Object Repository/txt-address' is cleared

2021-07-26 22:57:42 - [MESSAGE][PASSED] - Text of object 'Object Repository/txt-address' is cleared

2021-07-26 22:57:42 - [TEST_STEP][PASSED] - clearText(findTestObject("txt-postal-code")): Text of object 'Object Repository/txt-postal-code' is cleared

2021-07-26 22:57:42 - [MESSAGE][PASSED] - Text of object 'Object Repository/txt-postal-code' is cleared

2021-07-26 22:57:42 - [TEST_STEP][PASSED] - setText(findTestObject("txt-amount"), data.getValue("amount", rowlogin)): Text '50000' is set on object 'Object Repository/txt-amount'

2021-07-26 22:57:43 - [MESSAGE][PASSED] - Text '50000' is set on object 'Object Repository/txt-amount'

2021-07-26 22:57:43 - [TEST_STEP][PASSED] - setText(findTestObject("txt-amount"), data.getValue("amount", rowlogin)): Text '50000' is set on object 'Object Repository/txt-amount'

2021-07-26 22:57:44 - [MESSAGE][PASSED] - Text '50000' is set on object 'Object Repository/txt-amount'

2021-07-26 22:57:44 - [TEST_STEP][PASSED] - setText(findTestObject("txt-name"), data.getValue("name", rowlogin)): Text 'Arisa Hazriaty' is set on object 'Object Repository/txt-name'

2021-07-26 22:57:45 - [MESSAGE][PASSED] - Text 'Arisa Hazriaty' is set on object 'Object Repository/txt-name'

2021-07-26 22:57:45 - [TEST_STEP][PASSED] - setText(findTestObject("txt-email"), data.getValue("email", rowlogin)): Text 'Arisahazriaty16041993@gmail.com' is set on object 'Object Repository/txt-email'

2021-07-26 22:57:46 - [MESSAGE][PASSED] - Text 'Arisahazriaty16041993@gmail.com' is set on object 'Object Repository/txt-email'

2021-07-26 22:57:46 - [TEST_STEP][PASSED] - setText(findTestObject("txt-phone"), data.getValue("phone", rowlogin)): Text '81286858992' is set on object 'Object Repository/txt-phone'

2021-07-26 22:57:47 - [MESSAGE][PASSED] - Text '81286858992' is set on object 'Object Repository/txt-phone'

2021-07-26 22:57:47 - [TEST_STEP][PASSED] - setText(findTestObject("txt-city"), data.getValue("city", rowlogin)): Text 'Tangerang' is set on object 'Object Repository/txt-city'

2021-07-26 22:57:47 - [MESSAGE][PASSED] - Text 'Tangerang' is set on object 'Object Repository/txt-city'

2021-07-26 22:57:47 - [TEST_STEP][PASSED] - setText(findTestObject("txt-address"), data.getValue("address", rowlogin)): Text 'Karawaci' is set on object 'Object Repository/txt-address'

2021-07-26 22:57:48 - [MESSAGE][PASSED] - Text 'Karawaci' is set on object 'Object Repository/txt-address'

2021-07-26 22:57:48 - [TEST_STEP][PASSED] - setText(findTestObject("txt-postal-code"), data.getValue("postal", rowlogin)): Text '15153' is set on object 'Object Repository/txt-postal-code'

2021-07-26 22:57:49 - [MESSAGE][PASSED] - Text '15153' is set on object 'Object Repository/txt-postal-code'

2021-07-26 22:57:49 - [TEST_STEP][PASSED] - click(findTestObject("btn-checkout")): Object: 'Object Repository/btn-checkout' is clicked on

2021-07-26 22:57:49 - [MESSAGE][PASSED] - Object: 'Object Repository/btn-checkout' is clicked on

2021-07-26 22:57:49 - [TEST_STEP][PASSED] - switchToFrame(findTestObject("iframe"), 15): [SELF-HEALING] The current locator of test object 'Object Repository/iframe' was broken. Propose an alternative one: '//iframe[@id='snap-midtrans']'.

2021-07-26 22:58:05 - [MESSAGE][INFO] - Unable to find the element located by 'By.xpath: //*[@src = 'https://app.sandbox.midtrans.com/snap/v1/pay?origin_host=https://demo.midtrans.com&digest=40b45cde5af955914cd02faf976ebf644b6d0cc4627f23ea6ea89be809b9fead&client_key=VT-client-yrHf-c8Sxr-ck8tx#/' and @id = 'snap-midtrans' and @name = 'popup_1626846935623']'. Please recheck the objects properties to make sure the desired element is located. 

2021-07-26 22:58:05 - [MESSAGE][WARNING] - [SELF-HEALING] Failed to find element with id 'Object Repository/iframe'. Try using Self-healing.

2021-07-26 22:58:06 - [MESSAGE][WARNING] - [SELF-HEALING] The current locator of test object 'Object Repository/iframe' was broken. Propose an alternative one: '//iframe[@id='snap-midtrans']'.

2021-07-26 22:58:06 - [TEST_STEP][PASSED] - click(findTestObject("Tab-ShippingDetails")): Object: 'Object Repository/Tab-ShippingDetails' is clicked on

2021-07-26 22:58:06 - [MESSAGE][PASSED] - Object: 'Object Repository/Tab-ShippingDetails' is clicked on

2021-07-26 22:58:06 - [TEST_STEP][PASSED] - click(findTestObject("lbl-order-details")): Object: 'Object Repository/lbl-order-details' is clicked on

2021-07-26 22:58:06 - [MESSAGE][PASSED] - Object: 'Object Repository/lbl-order-details' is clicked on

2021-07-26 22:58:06 - [TEST_STEP][PASSED] - click(findTestObject("btn-continue")): Object: 'Object Repository/btn-continue' is clicked on

2021-07-26 22:58:06 - [MESSAGE][PASSED] - Object: 'Object Repository/btn-continue' is clicked on

2021-07-26 22:58:06 - [TEST_STEP][PASSED] - click(findTestObject("btn-creditcard")): Object: 'Object Repository/btn-creditcard' is clicked on

2021-07-26 22:58:07 - [MESSAGE][PASSED] - Object: 'Object Repository/btn-creditcard' is clicked on

2021-07-26 22:58:07 - [TEST_STEP][PASSED] - setText(findTestObject("txt-cardnumber"), data.getValue("card_number", rowlogin)): Text ''4811111111111114’' is set on object 'Object Repository/txt-cardnumber'

2021-07-26 22:58:07 - [MESSAGE][PASSED] - Text ''4811111111111114’' is set on object 'Object Repository/txt-cardnumber'

2021-07-26 22:58:07 - [TEST_STEP][PASSED] - setText(findTestObject("txt-expiry-date"), data.getValue("expiry_date", rowlogin)): Text '01/25' is set on object 'Object Repository/txt-expiry-date'

2021-07-26 22:58:08 - [MESSAGE][PASSED] - Text '01/25' is set on object 'Object Repository/txt-expiry-date'

2021-07-26 22:58:08 - [TEST_STEP][PASSED] - setText(findTestObject("txt-cvv"), data.getValue("cvv", rowlogin)): Text '124' is set on object 'Object Repository/txt-cvv'

2021-07-26 22:58:08 - [MESSAGE][PASSED] - Text '124' is set on object 'Object Repository/txt-cvv'

2021-07-26 22:58:08 - [TEST_STEP][PASSED] - verifyElementClickable(findTestObject("chx-pot-10-persen")): Object 'Object Repository/chx-pot-10-persen' is clickable

2021-07-26 22:58:08 - [MESSAGE][PASSED] - Object 'Object Repository/chx-pot-10-persen' is clickable

2021-07-26 22:58:08 - [TEST_STEP][PASSED] - if (data.getValue("promo", rowlogin) == "A"): null

2021-07-26 22:58:08 - [TEST_STEP][PASSED] - else if (data.getValue("promo", rowlogin) == "B"): Object 'Object Repository/chx-pot-10-persen' is checked

2021-07-26 22:58:08 - [TEST_STEP][PASSED] - check(findTestObject("chx-pot-10-persen")): Object 'Object Repository/chx-pot-10-persen' is checked

2021-07-26 22:58:08 - [MESSAGE][PASSED] - Object 'Object Repository/chx-pot-10-persen' is checked

2021-07-26 22:58:08 - [TEST_STEP][PASSED] - click(findTestObject("btn-pay-now")): Object: 'Object Repository/btn-pay-now' is clicked on

2021-07-26 22:58:08 - [MESSAGE][PASSED] - Object: 'Object Repository/btn-pay-now' is clicked on

2021-07-26 22:58:08 - [TEST_STEP][PASSED] - switchToFrame(findTestObject("iframe - IssuingBank"), 3): [SELF-HEALING] The current locator of test object 'Object Repository/iframe - IssuingBank' was broken. Propose an alternative one: 'iframe'.

2021-07-26 22:58:12 - [MESSAGE][INFO] - Unable to find the element located by 'By.xpath: //*[@src = 'https://app.sandbox.midtrans.com/snap/v1/pay?origin_host=https://demo.midtrans.com&digest=40b45cde5af955914cd02faf976ebf644b6d0cc4627f23ea6ea89be809b9fead&client_key=VT-client-yrHf-c8Sxr-ck8tx#/' and @id = 'snap-midtrans' and @name = 'popup_1626922698409']'. Please recheck the objects properties to make sure the desired element is located. 

2021-07-26 22:58:12 - [MESSAGE][WARNING] - [SELF-HEALING] Failed to find element with id 'Object Repository/iframe - IssuingBank'. Try using Self-healing.

2021-07-26 22:58:12 - [MESSAGE][WARNING] - [SELF-HEALING] The current locator of test object 'Object Repository/iframe - IssuingBank' was broken. Propose an alternative one: 'iframe'.

2021-07-26 22:58:12 - [TEST_STEP][PASSED] - setText(findTestObject("txt-password-issuingBank"), data.getValue("password", rowlogin)): Text '112233' is set on object 'Object Repository/txt-password-issuingBank'

2021-07-26 22:58:13 - [MESSAGE][PASSED] - Text '112233' is set on object 'Object Repository/txt-password-issuingBank'

2021-07-26 22:58:13 - [TEST_STEP][PASSED] - click(findTestObject("btn-ok-issuingBank")): Object: 'Object Repository/btn-ok-issuingBank' is clicked on

2021-07-26 22:58:14 - [MESSAGE][PASSED] - Object: 'Object Repository/btn-ok-issuingBank' is clicked on

2021-07-26 22:58:14 - [TEST_STEP][FAILED] - verifyElementPresent(findTestObject("div_Transaction successful"), 0): Unable to verify object 'Object Repository/div_Transaction successful' is present (Root cause: com.kms.katalon.core.exception.StepFailedException: Unable to verify object 'Object Repository/div_Transaction successful' is present
	at com.kms.katalon.core.webui.keyword.internal.WebUIKeywordMain.stepFailed(WebUIKeywordMain.groovy:64)
	at com.kms.katalon.core.webui.keyword.internal.WebUIKeywordMain.runKeyword(WebUIKeywordMain.groovy:26)
	at com.kms.katalon.core.webui.keyword.builtin.VerifyElementPresentKeyword.verifyElementPresent(VerifyElementPresentKeyword.groovy:92)
	at com.kms.katalon.core.webui.keyword.builtin.VerifyElementPresentKeyword.execute(VerifyElementPresentKeyword.groovy:68)
	at com.kms.katalon.core.keyword.internal.KeywordExecutor.executeKeywordForPlatform(KeywordExecutor.groovy:73)
	at com.kms.katalon.core.webui.keyword.WebUiBuiltInKeywords.verifyElementPresent(WebUiBuiltInKeywords.groovy:1464)
	at com.kms.katalon.core.webui.keyword.WebUiBuiltInKeywords$verifyElementPresent$8.call(Unknown Source)
	at Sofie-Case-Positive.run(Sofie-Case-Positive:91)
	at com.kms.katalon.core.main.ScriptEngine.run(ScriptEngine.java:194)
	at com.kms.katalon.core.main.ScriptEngine.runScriptAsRawText(ScriptEngine.java:119)
	at com.kms.katalon.core.main.TestCaseExecutor.runScript(TestCaseExecutor.java:369)
	at com.kms.katalon.core.main.TestCaseExecutor.doExecute(TestCaseExecutor.java:360)
	at com.kms.katalon.core.main.TestCaseExecutor.processExecutionPhase(TestCaseExecutor.java:339)
	at com.kms.katalon.core.main.TestCaseExecutor.accessMainPhase(TestCaseExecutor.java:331)
	at com.kms.katalon.core.main.TestCaseExecutor.execute(TestCaseExecutor.java:248)
	at com.kms.katalon.core.main.TestSuiteExecutor.accessTestCaseMainPhase(TestSuiteExecutor.java:191)
	at com.kms.katalon.core.main.TestSuiteExecutor.accessTestSuiteMainPhase(TestSuiteExecutor.java:140)
	at com.kms.katalon.core.main.TestSuiteExecutor.execute(TestSuiteExecutor.java:89)
	at com.kms.katalon.core.main.TestCaseMain.startTestSuite(TestCaseMain.java:185)
	at com.kms.katalon.core.main.TestCaseMain$startTestSuite$0.call(Unknown Source)
	at TempTestSuite1627314949670.run(TempTestSuite1627314949670.groovy:39)
Caused by: com.kms.katalon.core.exception.StepFailedException: com.kms.katalon.core.webui.exception.WebElementNotFoundException: Web element with id: 'Object Repository/div_Transaction successful' located by 'div.text-success.text-bold' not found
	at com.kms.katalon.core.webui.keyword.internal.WebUIKeywordMain.stepFailed(WebUIKeywordMain.groovy:64)
	at com.kms.katalon.core.webui.keyword.builtin.VerifyElementPresentKeyword$_verifyElementPresent_closure1.doCall(VerifyElementPresentKeyword.groovy:85)
	at com.kms.katalon.core.webui.keyword.builtin.VerifyElementPresentKeyword$_verifyElementPresent_closure1.call(VerifyElementPresentKeyword.groovy)
	at com.kms.katalon.core.webui.keyword.internal.WebUIKeywordMain.runKeyword(WebUIKeywordMain.groovy:20)
	... 19 more
)

2021-07-26 22:58:14 - [MESSAGE][WARNING] - Timeout '0' is invalid. Using default page load timeout: '30'

2021-07-26 22:58:14 - [MESSAGE][WARNING] - Timeout '0' is invalid. Using default page load timeout: '30'

2021-07-26 22:58:45 - [MESSAGE][INFO] - Unable to find the element located by 'By.cssSelector: div.text-success.text-bold'. Please recheck the objects properties to make sure the desired element is located. 

2021-07-26 22:58:46 - [MESSAGE][FAILED] - com.kms.katalon.core.webui.exception.WebElementNotFoundException: Web element with id: 'Object Repository/div_Transaction successful' located by 'div.text-success.text-bold' not found (Root cause: com.kms.katalon.core.exception.StepFailedException: com.kms.katalon.core.webui.exception.WebElementNotFoundException: Web element with id: 'Object Repository/div_Transaction successful' located by 'div.text-success.text-bold' not found
	at com.kms.katalon.core.webui.keyword.internal.WebUIKeywordMain.stepFailed(WebUIKeywordMain.groovy:64)
	at com.kms.katalon.core.webui.keyword.builtin.VerifyElementPresentKeyword$_verifyElementPresent_closure1.doCall(VerifyElementPresentKeyword.groovy:85)
	at com.kms.katalon.core.webui.keyword.builtin.VerifyElementPresentKeyword$_verifyElementPresent_closure1.call(VerifyElementPresentKeyword.groovy)
	at com.kms.katalon.core.webui.keyword.internal.WebUIKeywordMain.runKeyword(WebUIKeywordMain.groovy:20)
	at com.kms.katalon.core.webui.keyword.builtin.VerifyElementPresentKeyword.verifyElementPresent(VerifyElementPresentKeyword.groovy:92)
	at com.kms.katalon.core.webui.keyword.builtin.VerifyElementPresentKeyword.execute(VerifyElementPresentKeyword.groovy:68)
	at com.kms.katalon.core.keyword.internal.KeywordExecutor.executeKeywordForPlatform(KeywordExecutor.groovy:73)
	at com.kms.katalon.core.webui.keyword.WebUiBuiltInKeywords.verifyElementPresent(WebUiBuiltInKeywords.groovy:1464)
	at com.kms.katalon.core.webui.keyword.WebUiBuiltInKeywords$verifyElementPresent$8.call(Unknown Source)
	at Sofie-Case-Positive.run(Sofie-Case-Positive:91)
	at com.kms.katalon.core.main.ScriptEngine.run(ScriptEngine.java:194)
	at com.kms.katalon.core.main.ScriptEngine.runScriptAsRawText(ScriptEngine.java:119)
	at com.kms.katalon.core.main.TestCaseExecutor.runScript(TestCaseExecutor.java:369)
	at com.kms.katalon.core.main.TestCaseExecutor.doExecute(TestCaseExecutor.java:360)
	at com.kms.katalon.core.main.TestCaseExecutor.processExecutionPhase(TestCaseExecutor.java:339)
	at com.kms.katalon.core.main.TestCaseExecutor.accessMainPhase(TestCaseExecutor.java:331)
	at com.kms.katalon.core.main.TestCaseExecutor.execute(TestCaseExecutor.java:248)
	at com.kms.katalon.core.main.TestSuiteExecutor.accessTestCaseMainPhase(TestSuiteExecutor.java:191)
	at com.kms.katalon.core.main.TestSuiteExecutor.accessTestSuiteMainPhase(TestSuiteExecutor.java:140)
	at com.kms.katalon.core.main.TestSuiteExecutor.execute(TestSuiteExecutor.java:89)
	at com.kms.katalon.core.main.TestCaseMain.startTestSuite(TestCaseMain.java:185)
	at com.kms.katalon.core.main.TestCaseMain$startTestSuite$0.call(Unknown Source)
	at TempTestSuite1627314949670.run(TempTestSuite1627314949670.groovy:39)
)
[[ATTACHMENT|/Users/arisahazriaty/Katalon Studio/ProjectMidtrans/Reports/20210726_225549/Midtrans-Sofie/20210726_225549/1627315125808.png]]

2021-07-26 22:58:46 - [MESSAGE][FAILED] - Unable to verify object 'Object Repository/div_Transaction successful' is present (Root cause: com.kms.katalon.core.exception.StepFailedException: Unable to verify object 'Object Repository/div_Transaction successful' is present
	at com.kms.katalon.core.webui.keyword.internal.WebUIKeywordMain.stepFailed(WebUIKeywordMain.groovy:64)
	at com.kms.katalon.core.webui.keyword.internal.WebUIKeywordMain.runKeyword(WebUIKeywordMain.groovy:26)
	at com.kms.katalon.core.webui.keyword.builtin.VerifyElementPresentKeyword.verifyElementPresent(VerifyElementPresentKeyword.groovy:92)
	at com.kms.katalon.core.webui.keyword.builtin.VerifyElementPresentKeyword.execute(VerifyElementPresentKeyword.groovy:68)
	at com.kms.katalon.core.keyword.internal.KeywordExecutor.executeKeywordForPlatform(KeywordExecutor.groovy:73)
	at com.kms.katalon.core.webui.keyword.WebUiBuiltInKeywords.verifyElementPresent(WebUiBuiltInKeywords.groovy:1464)
	at com.kms.katalon.core.webui.keyword.WebUiBuiltInKeywords$verifyElementPresent$8.call(Unknown Source)
	at Sofie-Case-Positive.run(Sofie-Case-Positive:91)
	at com.kms.katalon.core.main.ScriptEngine.run(ScriptEngine.java:194)
	at com.kms.katalon.core.main.ScriptEngine.runScriptAsRawText(ScriptEngine.java:119)
	at com.kms.katalon.core.main.TestCaseExecutor.runScript(TestCaseExecutor.java:369)
	at com.kms.katalon.core.main.TestCaseExecutor.doExecute(TestCaseExecutor.java:360)
	at com.kms.katalon.core.main.TestCaseExecutor.processExecutionPhase(TestCaseExecutor.java:339)
	at com.kms.katalon.core.main.TestCaseExecutor.accessMainPhase(TestCaseExecutor.java:331)
	at com.kms.katalon.core.main.TestCaseExecutor.execute(TestCaseExecutor.java:248)
	at com.kms.katalon.core.main.TestSuiteExecutor.accessTestCaseMainPhase(TestSuiteExecutor.java:191)
	at com.kms.katalon.core.main.TestSuiteExecutor.accessTestSuiteMainPhase(TestSuiteExecutor.java:140)
	at com.kms.katalon.core.main.TestSuiteExecutor.execute(TestSuiteExecutor.java:89)
	at com.kms.katalon.core.main.TestCaseMain.startTestSuite(TestCaseMain.java:185)
	at com.kms.katalon.core.main.TestCaseMain$startTestSuite$0.call(Unknown Source)
	at TempTestSuite1627314949670.run(TempTestSuite1627314949670.groovy:39)
Caused by: com.kms.katalon.core.exception.StepFailedException: com.kms.katalon.core.webui.exception.WebElementNotFoundException: Web element with id: 'Object Repository/div_Transaction successful' located by 'div.text-success.text-bold' not found
	at com.kms.katalon.core.webui.keyword.internal.WebUIKeywordMain.stepFailed(WebUIKeywordMain.groovy:64)
	at com.kms.katalon.core.webui.keyword.builtin.VerifyElementPresentKeyword$_verifyElementPresent_closure1.doCall(VerifyElementPresentKeyword.groovy:85)
	at com.kms.katalon.core.webui.keyword.builtin.VerifyElementPresentKeyword$_verifyElementPresent_closure1.call(VerifyElementPresentKeyword.groovy)
	at com.kms.katalon.core.webui.keyword.internal.WebUIKeywordMain.runKeyword(WebUIKeywordMain.groovy:20)
	... 19 more
)
[[ATTACHMENT|/Users/arisahazriaty/Katalon Studio/ProjectMidtrans/Reports/20210726_225549/Midtrans-Sofie/20210726_225549/1627315126343.png]]]]></system-out>
         <system-err><![CDATA[2021-07-26 22:56:27 - [TEST_CASE][FAILED] - Test Cases/Sofie-Case-Positive: Test Cases/Sofie-Case-Positive FAILED.
Reason:
com.kms.katalon.core.exception.StepFailedException: Unable to verify object 'Object Repository/div_Transaction successful' is present
	at com.kms.katalon.core.webui.keyword.internal.WebUIKeywordMain.stepFailed(WebUIKeywordMain.groovy:64)
	at com.kms.katalon.core.webui.keyword.internal.WebUIKeywordMain.runKeyword(WebUIKeywordMain.groovy:26)
	at com.kms.katalon.core.webui.keyword.builtin.VerifyElementPresentKeyword.verifyElementPresent(VerifyElementPresentKeyword.groovy:92)
	at com.kms.katalon.core.webui.keyword.builtin.VerifyElementPresentKeyword.execute(VerifyElementPresentKeyword.groovy:68)
	at com.kms.katalon.core.keyword.internal.KeywordExecutor.executeKeywordForPlatform(KeywordExecutor.groovy:73)
	at com.kms.katalon.core.webui.keyword.WebUiBuiltInKeywords.verifyElementPresent(WebUiBuiltInKeywords.groovy:1464)
	at com.kms.katalon.core.webui.keyword.WebUiBuiltInKeywords$verifyElementPresent$8.call(Unknown Source)
	at Sofie-Case-Positive.run(Sofie-Case-Positive:91)
	at com.kms.katalon.core.main.ScriptEngine.run(ScriptEngine.java:194)
	at com.kms.katalon.core.main.ScriptEngine.runScriptAsRawText(ScriptEngine.java:119)
	at com.kms.katalon.core.main.TestCaseExecutor.runScript(TestCaseExecutor.java:369)
	at com.kms.katalon.core.main.TestCaseExecutor.doExecute(TestCaseExecutor.java:360)
	at com.kms.katalon.core.main.TestCaseExecutor.processExecutionPhase(TestCaseExecutor.java:339)
	at com.kms.katalon.core.main.TestCaseExecutor.accessMainPhase(TestCaseExecutor.java:331)
	at com.kms.katalon.core.main.TestCaseExecutor.execute(TestCaseExecutor.java:248)
	at com.kms.katalon.core.main.TestSuiteExecutor.accessTestCaseMainPhase(TestSuiteExecutor.java:191)
	at com.kms.katalon.core.main.TestSuiteExecutor.accessTestSuiteMainPhase(TestSuiteExecutor.java:140)
	at com.kms.katalon.core.main.TestSuiteExecutor.execute(TestSuiteExecutor.java:89)
	at com.kms.katalon.core.main.TestCaseMain.startTestSuite(TestCaseMain.java:185)
	at com.kms.katalon.core.main.TestCaseMain$startTestSuite$0.call(Unknown Source)
	at TempTestSuite1627314949670.run(TempTestSuite1627314949670.groovy:39)
Caused by: com.kms.katalon.core.exception.StepFailedException: com.kms.katalon.core.webui.exception.WebElementNotFoundException: Web element with id: 'Object Repository/div_Transaction successful' located by 'div.text-success.text-bold' not found
	at com.kms.katalon.core.webui.keyword.internal.WebUIKeywordMain.stepFailed(WebUIKeywordMain.groovy:64)
	at com.kms.katalon.core.webui.keyword.builtin.VerifyElementPresentKeyword$_verifyElementPresent_closure1.doCall(VerifyElementPresentKeyword.groovy:85)
	at com.kms.katalon.core.webui.keyword.builtin.VerifyElementPresentKeyword$_verifyElementPresent_closure1.call(VerifyElementPresentKeyword.groovy)
	at com.kms.katalon.core.webui.keyword.internal.WebUIKeywordMain.runKeyword(WebUIKeywordMain.groovy:20)
	... 19 more]]></system-err>
      </testcase>
      <system-out><![CDATA[2021-07-26 22:56:14 - [TEST_SUITE][FAILED] - Midtrans-Sofie: Test Cases/Sofie-Case-Positive FAILED.
Reason:
com.kms.katalon.core.exception.StepFailedException: Unable to verify object 'Object Repository/div_Transaction successful' is present
	at com.kms.katalon.core.webui.keyword.internal.WebUIKeywordMain.stepFailed(WebUIKeywordMain.groovy:64)
	at com.kms.katalon.core.webui.keyword.internal.WebUIKeywordMain.runKeyword(WebUIKeywordMain.groovy:26)
	at com.kms.katalon.core.webui.keyword.builtin.VerifyElementPresentKeyword.verifyElementPresent(VerifyElementPresentKeyword.groovy:92)
	at com.kms.katalon.core.webui.keyword.builtin.VerifyElementPresentKeyword.execute(VerifyElementPresentKeyword.groovy:68)
	at com.kms.katalon.core.keyword.internal.KeywordExecutor.executeKeywordForPlatform(KeywordExecutor.groovy:73)
	at com.kms.katalon.core.webui.keyword.WebUiBuiltInKeywords.verifyElementPresent(WebUiBuiltInKeywords.groovy:1464)
	at com.kms.katalon.core.webui.keyword.WebUiBuiltInKeywords$verifyElementPresent$8.call(Unknown Source)
	at Sofie-Case-Positive.run(Sofie-Case-Positive:91)
	at com.kms.katalon.core.main.ScriptEngine.run(ScriptEngine.java:194)
	at com.kms.katalon.core.main.ScriptEngine.runScriptAsRawText(ScriptEngine.java:119)
	at com.kms.katalon.core.main.TestCaseExecutor.runScript(TestCaseExecutor.java:369)
	at com.kms.katalon.core.main.TestCaseExecutor.doExecute(TestCaseExecutor.java:360)
	at com.kms.katalon.core.main.TestCaseExecutor.processExecutionPhase(TestCaseExecutor.java:339)
	at com.kms.katalon.core.main.TestCaseExecutor.accessMainPhase(TestCaseExecutor.java:331)
	at com.kms.katalon.core.main.TestCaseExecutor.execute(TestCaseExecutor.java:248)
	at com.kms.katalon.core.main.TestSuiteExecutor.accessTestCaseMainPhase(TestSuiteExecutor.java:191)
	at com.kms.katalon.core.main.TestSuiteExecutor.accessTestSuiteMainPhase(TestSuiteExecutor.java:140)
	at com.kms.katalon.core.main.TestSuiteExecutor.execute(TestSuiteExecutor.java:89)
	at com.kms.katalon.core.main.TestCaseMain.startTestSuite(TestCaseMain.java:185)
	at com.kms.katalon.core.main.TestCaseMain$startTestSuite$0.call(Unknown Source)
	at TempTestSuite1627314949670.run(TempTestSuite1627314949670.groovy:39)
Caused by: com.kms.katalon.core.exception.StepFailedException: com.kms.katalon.core.webui.exception.WebElementNotFoundException: Web element with id: 'Object Repository/div_Transaction successful' located by 'div.text-success.text-bold' not found
	at com.kms.katalon.core.webui.keyword.internal.WebUIKeywordMain.stepFailed(WebUIKeywordMain.groovy:64)
	at com.kms.katalon.core.webui.keyword.builtin.VerifyElementPresentKeyword$_verifyElementPresent_closure1.doCall(VerifyElementPresentKeyword.groovy:85)
	at com.kms.katalon.core.webui.keyword.builtin.VerifyElementPresentKeyword$_verifyElementPresent_closure1.call(VerifyElementPresentKeyword.groovy)
	at com.kms.katalon.core.webui.keyword.internal.WebUIKeywordMain.runKeyword(WebUIKeywordMain.groovy:20)
	... 19 more]]></system-out>
      <system-err><![CDATA[2021-07-26 22:56:14 - [TEST_SUITE][FAILED] - Midtrans-Sofie: Test Cases/Sofie-Case-Positive FAILED.
Reason:
com.kms.katalon.core.exception.StepFailedException: Unable to verify object 'Object Repository/div_Transaction successful' is present
	at com.kms.katalon.core.webui.keyword.internal.WebUIKeywordMain.stepFailed(WebUIKeywordMain.groovy:64)
	at com.kms.katalon.core.webui.keyword.internal.WebUIKeywordMain.runKeyword(WebUIKeywordMain.groovy:26)
	at com.kms.katalon.core.webui.keyword.builtin.VerifyElementPresentKeyword.verifyElementPresent(VerifyElementPresentKeyword.groovy:92)
	at com.kms.katalon.core.webui.keyword.builtin.VerifyElementPresentKeyword.execute(VerifyElementPresentKeyword.groovy:68)
	at com.kms.katalon.core.keyword.internal.KeywordExecutor.executeKeywordForPlatform(KeywordExecutor.groovy:73)
	at com.kms.katalon.core.webui.keyword.WebUiBuiltInKeywords.verifyElementPresent(WebUiBuiltInKeywords.groovy:1464)
	at com.kms.katalon.core.webui.keyword.WebUiBuiltInKeywords$verifyElementPresent$8.call(Unknown Source)
	at Sofie-Case-Positive.run(Sofie-Case-Positive:91)
	at com.kms.katalon.core.main.ScriptEngine.run(ScriptEngine.java:194)
	at com.kms.katalon.core.main.ScriptEngine.runScriptAsRawText(ScriptEngine.java:119)
	at com.kms.katalon.core.main.TestCaseExecutor.runScript(TestCaseExecutor.java:369)
	at com.kms.katalon.core.main.TestCaseExecutor.doExecute(TestCaseExecutor.java:360)
	at com.kms.katalon.core.main.TestCaseExecutor.processExecutionPhase(TestCaseExecutor.java:339)
	at com.kms.katalon.core.main.TestCaseExecutor.accessMainPhase(TestCaseExecutor.java:331)
	at com.kms.katalon.core.main.TestCaseExecutor.execute(TestCaseExecutor.java:248)
	at com.kms.katalon.core.main.TestSuiteExecutor.accessTestCaseMainPhase(TestSuiteExecutor.java:191)
	at com.kms.katalon.core.main.TestSuiteExecutor.accessTestSuiteMainPhase(TestSuiteExecutor.java:140)
	at com.kms.katalon.core.main.TestSuiteExecutor.execute(TestSuiteExecutor.java:89)
	at com.kms.katalon.core.main.TestCaseMain.startTestSuite(TestCaseMain.java:185)
	at com.kms.katalon.core.main.TestCaseMain$startTestSuite$0.call(Unknown Source)
	at TempTestSuite1627314949670.run(TempTestSuite1627314949670.groovy:39)
Caused by: com.kms.katalon.core.exception.StepFailedException: com.kms.katalon.core.webui.exception.WebElementNotFoundException: Web element with id: 'Object Repository/div_Transaction successful' located by 'div.text-success.text-bold' not found
	at com.kms.katalon.core.webui.keyword.internal.WebUIKeywordMain.stepFailed(WebUIKeywordMain.groovy:64)
	at com.kms.katalon.core.webui.keyword.builtin.VerifyElementPresentKeyword$_verifyElementPresent_closure1.doCall(VerifyElementPresentKeyword.groovy:85)
	at com.kms.katalon.core.webui.keyword.builtin.VerifyElementPresentKeyword$_verifyElementPresent_closure1.call(VerifyElementPresentKeyword.groovy)
	at com.kms.katalon.core.webui.keyword.internal.WebUIKeywordMain.runKeyword(WebUIKeywordMain.groovy:20)
	... 19 more]]></system-err>
   </testsuite>
</testsuites>
