<?xml version="1.0" encoding="UTF-8"?>
<testsuites name="Midtrans-Sofie" time="46.491" tests="2" failures="1" errors="0">
   <testsuite name="Midtrans-Sofie" tests="2" failures="1" errors="0" time="46.491" skipped="0" timestamp="2021-07-26 21:08:38" hostname="arisahazriaty - 192.168.1.2" id="Test Suites/Midtrans-Sofie">
      <properties>
         <property name="deviceName" value=""/>
         <property name="devicePlatform" value=""/>
         <property name="logFolder" value="/Users/arisahazriaty/Katalon Studio/ProjectMidtrans/Reports/20210726_210819/Midtrans-Sofie/20210726_210819"/>
         <property name="logFiles" value="/Users/arisahazriaty/Katalon Studio/ProjectMidtrans/Reports/20210726_210819/Midtrans-Sofie/20210726_210819/execution0.log"/>
         <property name="attachments" value="/Users/arisahazriaty/Katalon Studio/ProjectMidtrans/Reports/20210726_210819/Midtrans-Sofie/20210726_210819/1627308563784.png"/>
         <property name="hostName" value="arisahazriaty - 192.168.1.2"/>
         <property name="os" value="Mac OS X 64bit"/>
         <property name="katalonVersion" value="8.0.5.208"/>
         <property name="browser" value="Chrome 91.0.4472.164"/>
         <property name="hostAddress" value="192.168.1.2"/>
         <property name="sessionId" value="2c5b79e8b89dc1a2bb31f34131b36c32"/>
         <property name="seleniumVersion" value="3.141.59"/>
         <property name="proxyInformation" value="ProxyInformation { proxyOption=NO_PROXY, proxyServerType=HTTP, username=, password=********, proxyServerAddress=, proxyServerPort=0, executionList=&quot;&quot;, isApplyToDesiredCapabilities=true }"/>
         <property name="platform" value="Mac OS X"/>
      </properties>
      <testcase name="Test Cases/Midtrans001-Positive" time="8.346" classname="Test Cases/Midtrans001-Positive" status="PASSED">
         <system-out><![CDATA[2021-07-26 21:08:38 - [TEST_CASE][PASSED] - Test Cases/Midtrans001-Positive: Test Cases/Midtrans001-Positive

2021-07-26 21:08:39 - [TEST_STEP][PASSED] - openBrowser(""): Browser is opened with url: ''

2021-07-26 21:08:40 - [MESSAGE][INFO] - Starting 'Chrome' driver

2021-07-26 21:08:40 - [MESSAGE][INFO] - Action delay is set to 0 milliseconds

2021-07-26 21:08:43 - [MESSAGE][PASSED] - Browser is opened with url: ''

2021-07-26 21:08:43 - [TEST_STEP][PASSED] - maximizeWindow(): Current window maximized

2021-07-26 21:08:44 - [MESSAGE][PASSED] - Current window maximized

2021-07-26 21:08:44 - [TEST_STEP][PASSED] - navigateToUrl(baseURL): Navigate to 'https://demo.midtrans.com/' successfully

2021-07-26 21:08:47 - [MESSAGE][PASSED] - Navigate to 'https://demo.midtrans.com/' successfully]]></system-out>
         <system-err><![CDATA[]]></system-err>
      </testcase>
      <testcase name="Test Cases/Sofie-Case-Positive" time="37.064" classname="Test Cases/Sofie-Case-Positive" status="FAILED">
         <failure type="FAILED" message="Test Cases/Sofie-Case-Positive FAILED.
Reason:
com.kms.katalon.core.exception.StepFailedException: Unable to verify image 'Object Repository/iframe - IssuingBank' present
	at com.kms.katalon.core.webui.keyword.internal.WebUIKeywordMain.stepFailed(WebUIKeywordMain.groovy:64)
	at com.kms.katalon.core.webui.keyword.internal.WebUIKeywordMain.runKeyword(WebUIKeywordMain.groovy:26)
	at com.kms.katalon.core.webui.keyword.builtin.SwitchToFrameKeyword.switchToFrame(SwitchToFrameKeyword.groovy:84)
	at com.kms.katalon.core.webui.keyword.builtin.SwitchToFrameKeyword.execute(SwitchToFrameKeyword.groovy:68)
	at com.kms.katalon.core.keyword.internal.KeywordExecutor.executeKeywordForPlatform(KeywordExecutor.groovy:73)
	at com.kms.katalon.core.webui.keyword.WebUiBuiltInKeywords.switchToFrame(WebUiBuiltInKeywords.groovy:2899)
	at com.kms.katalon.core.webui.keyword.WebUiBuiltInKeywords$switchToFrame$5.call(Unknown Source)
	at Sofie-Case-Positive.run(Sofie-Case-Positive:85)
	at com.kms.katalon.core.main.ScriptEngine.run(ScriptEngine.java:194)
	at com.kms.katalon.core.main.ScriptEngine.runScriptAsRawText(ScriptEngine.java:119)
	at com.kms.katalon.core.main.TestCaseExecutor.runScript(TestCaseExecutor.java:369)
	at com.kms.katalon.core.main.TestCaseExecutor.doExecute(TestCaseExecutor.java:360)
	at com.kms.katalon.core.main.TestCaseExecutor.processExecutionPhase(TestCaseExecutor.java:339)
	at com.kms.katalon.core.main.TestCaseExecutor.accessMainPhase(TestCaseExecutor.java:331)
	at com.kms.katalon.core.main.TestCaseExecutor.execute(TestCaseExecutor.java:248)
	at com.kms.katalon.core.main.TestSuiteExecutor.accessTestCaseMainPhase(TestSuiteExecutor.java:191)
	at com.kms.katalon.core.main.TestSuiteExecutor.accessTestSuiteMainPhase(TestSuiteExecutor.java:140)
	at com.kms.katalon.core.main.TestSuiteExecutor.execute(TestSuiteExecutor.java:89)
	at com.kms.katalon.core.main.TestCaseMain.startTestSuite(TestCaseMain.java:185)
	at com.kms.katalon.core.main.TestCaseMain$startTestSuite$0.call(Unknown Source)
	at TempTestSuite1627308499485.run(TempTestSuite1627308499485.groovy:39)
Caused by: org.openqa.selenium.WebDriverException: unknown error: cannot determine loading status
from unknown error: cannot determine loading status
from target frame detached
  (Session info: chrome=91.0.4472.164)
Build info: version: '3.141.59', revision: 'e82be7d358', time: '2018-11-14T08:25:53'
System info: host: '192.168.1.2', ip: 'fe80:0:0:0:1e:291e:69fe:5217%en0', os.name: 'Mac OS X', os.arch: 'x86_64', os.version: '10.15.5', java.version: '1.8.0_275'
Driver info: com.kms.katalon.selenium.driver.CChromeDriver
Capabilities {acceptInsecureCerts: false, browserName: chrome, browserVersion: 91.0.4472.164, chrome: {chromedriverVersion: 90.0.4430.24 (4c6d850f087da..., userDataDir: /var/folders/r9/x26cy6x527l...}, goog:chromeOptions: {debuggerAddress: localhost:53792}, javascriptEnabled: true, networkConnectionEnabled: false, pageLoadStrategy: normal, platform: MAC, platformName: MAC, proxy: Proxy(), setWindowRect: true, strictFileInteractability: false, timeouts: {implicit: 0, pageLoad: 300000, script: 30000}, unhandledPromptBehavior: dismiss and notify, webauthn:extension:largeBlob: true, webauthn:virtualAuthenticators: true}
Session ID: 2c5b79e8b89dc1a2bb31f34131b36c32
	at org.openqa.selenium.remote.http.W3CHttpResponseCodec.createException(W3CHttpResponseCodec.java:187)
	at org.openqa.selenium.remote.http.W3CHttpResponseCodec.decode(W3CHttpResponseCodec.java:122)
	at org.openqa.selenium.remote.http.W3CHttpResponseCodec.decode(W3CHttpResponseCodec.java:49)
	at org.openqa.selenium.remote.HttpCommandExecutor.execute(HttpCommandExecutor.java:158)
	at org.openqa.selenium.remote.service.DriverCommandExecutor.execute(DriverCommandExecutor.java:83)
	at org.openqa.selenium.remote.RemoteWebDriver.execute(RemoteWebDriver.java:552)
	at com.kms.katalon.selenium.driver.CChromeDriver.execute(CChromeDriver.java:19)
	at org.openqa.selenium.remote.RemoteWebDriver$RemoteTargetLocator.frame(RemoteWebDriver.java:892)
	at org.openqa.selenium.support.events.EventFiringWebDriver$EventFiringTargetLocator.frame(EventFiringWebDriver.java:707)
	at com.kms.katalon.core.webui.keyword.builtin.SwitchToFrameKeyword$_switchToFrame_closure1.doCall(SwitchToFrameKeyword.groovy:79)
	at com.kms.katalon.core.webui.keyword.builtin.SwitchToFrameKeyword$_switchToFrame_closure1.call(SwitchToFrameKeyword.groovy)
	at com.kms.katalon.core.webui.keyword.internal.WebUIKeywordMain.runKeyword(WebUIKeywordMain.groovy:20)
	... 19 more
"/>
         <system-out><![CDATA[2021-07-26 21:08:47 - [TEST_CASE][FAILED] - Test Cases/Sofie-Case-Positive: Test Cases/Sofie-Case-Positive FAILED.
Reason:
com.kms.katalon.core.exception.StepFailedException: Unable to verify image 'Object Repository/iframe - IssuingBank' present
	at com.kms.katalon.core.webui.keyword.internal.WebUIKeywordMain.stepFailed(WebUIKeywordMain.groovy:64)
	at com.kms.katalon.core.webui.keyword.internal.WebUIKeywordMain.runKeyword(WebUIKeywordMain.groovy:26)
	at com.kms.katalon.core.webui.keyword.builtin.SwitchToFrameKeyword.switchToFrame(SwitchToFrameKeyword.groovy:84)
	at com.kms.katalon.core.webui.keyword.builtin.SwitchToFrameKeyword.execute(SwitchToFrameKeyword.groovy:68)
	at com.kms.katalon.core.keyword.internal.KeywordExecutor.executeKeywordForPlatform(KeywordExecutor.groovy:73)
	at com.kms.katalon.core.webui.keyword.WebUiBuiltInKeywords.switchToFrame(WebUiBuiltInKeywords.groovy:2899)
	at com.kms.katalon.core.webui.keyword.WebUiBuiltInKeywords$switchToFrame$5.call(Unknown Source)
	at Sofie-Case-Positive.run(Sofie-Case-Positive:85)
	at com.kms.katalon.core.main.ScriptEngine.run(ScriptEngine.java:194)
	at com.kms.katalon.core.main.ScriptEngine.runScriptAsRawText(ScriptEngine.java:119)
	at com.kms.katalon.core.main.TestCaseExecutor.runScript(TestCaseExecutor.java:369)
	at com.kms.katalon.core.main.TestCaseExecutor.doExecute(TestCaseExecutor.java:360)
	at com.kms.katalon.core.main.TestCaseExecutor.processExecutionPhase(TestCaseExecutor.java:339)
	at com.kms.katalon.core.main.TestCaseExecutor.accessMainPhase(TestCaseExecutor.java:331)
	at com.kms.katalon.core.main.TestCaseExecutor.execute(TestCaseExecutor.java:248)
	at com.kms.katalon.core.main.TestSuiteExecutor.accessTestCaseMainPhase(TestSuiteExecutor.java:191)
	at com.kms.katalon.core.main.TestSuiteExecutor.accessTestSuiteMainPhase(TestSuiteExecutor.java:140)
	at com.kms.katalon.core.main.TestSuiteExecutor.execute(TestSuiteExecutor.java:89)
	at com.kms.katalon.core.main.TestCaseMain.startTestSuite(TestCaseMain.java:185)
	at com.kms.katalon.core.main.TestCaseMain$startTestSuite$0.call(Unknown Source)
	at TempTestSuite1627308499485.run(TempTestSuite1627308499485.groovy:39)
Caused by: org.openqa.selenium.WebDriverException: unknown error: cannot determine loading status
from unknown error: cannot determine loading status
from target frame detached
  (Session info: chrome=91.0.4472.164)
Build info: version: '3.141.59', revision: 'e82be7d358', time: '2018-11-14T08:25:53'
System info: host: '192.168.1.2', ip: 'fe80:0:0:0:1e:291e:69fe:5217%en0', os.name: 'Mac OS X', os.arch: 'x86_64', os.version: '10.15.5', java.version: '1.8.0_275'
Driver info: com.kms.katalon.selenium.driver.CChromeDriver
Capabilities {acceptInsecureCerts: false, browserName: chrome, browserVersion: 91.0.4472.164, chrome: {chromedriverVersion: 90.0.4430.24 (4c6d850f087da..., userDataDir: /var/folders/r9/x26cy6x527l...}, goog:chromeOptions: {debuggerAddress: localhost:53792}, javascriptEnabled: true, networkConnectionEnabled: false, pageLoadStrategy: normal, platform: MAC, platformName: MAC, proxy: Proxy(), setWindowRect: true, strictFileInteractability: false, timeouts: {implicit: 0, pageLoad: 300000, script: 30000}, unhandledPromptBehavior: dismiss and notify, webauthn:extension:largeBlob: true, webauthn:virtualAuthenticators: true}
Session ID: 2c5b79e8b89dc1a2bb31f34131b36c32
	at org.openqa.selenium.remote.http.W3CHttpResponseCodec.createException(W3CHttpResponseCodec.java:187)
	at org.openqa.selenium.remote.http.W3CHttpResponseCodec.decode(W3CHttpResponseCodec.java:122)
	at org.openqa.selenium.remote.http.W3CHttpResponseCodec.decode(W3CHttpResponseCodec.java:49)
	at org.openqa.selenium.remote.HttpCommandExecutor.execute(HttpCommandExecutor.java:158)
	at org.openqa.selenium.remote.service.DriverCommandExecutor.execute(DriverCommandExecutor.java:83)
	at org.openqa.selenium.remote.RemoteWebDriver.execute(RemoteWebDriver.java:552)
	at com.kms.katalon.selenium.driver.CChromeDriver.execute(CChromeDriver.java:19)
	at org.openqa.selenium.remote.RemoteWebDriver$RemoteTargetLocator.frame(RemoteWebDriver.java:892)
	at org.openqa.selenium.support.events.EventFiringWebDriver$EventFiringTargetLocator.frame(EventFiringWebDriver.java:707)
	at com.kms.katalon.core.webui.keyword.builtin.SwitchToFrameKeyword$_switchToFrame_closure1.doCall(SwitchToFrameKeyword.groovy:79)
	at com.kms.katalon.core.webui.keyword.builtin.SwitchToFrameKeyword$_switchToFrame_closure1.call(SwitchToFrameKeyword.groovy)
	at com.kms.katalon.core.webui.keyword.internal.WebUIKeywordMain.runKeyword(WebUIKeywordMain.groovy:20)
	... 19 more


2021-07-26 21:08:48 - [TEST_STEP][PASSED] - data = findTestData("midtrans-sofie/midtrans-Sofie"): null

2021-07-26 21:08:49 - [TEST_STEP][FAILED] - for ([rowlogin = 1, rowlogin <= data.getRowNumbers(), (rowlogin++)]): Unable to verify image 'Object Repository/iframe - IssuingBank' present (Root cause: com.kms.katalon.core.exception.StepFailedException: Unable to verify image 'Object Repository/iframe - IssuingBank' present
	at com.kms.katalon.core.webui.keyword.internal.WebUIKeywordMain.stepFailed(WebUIKeywordMain.groovy:64)
	at com.kms.katalon.core.webui.keyword.internal.WebUIKeywordMain.runKeyword(WebUIKeywordMain.groovy:26)
	at com.kms.katalon.core.webui.keyword.builtin.SwitchToFrameKeyword.switchToFrame(SwitchToFrameKeyword.groovy:84)
	at com.kms.katalon.core.webui.keyword.builtin.SwitchToFrameKeyword.execute(SwitchToFrameKeyword.groovy:68)
	at com.kms.katalon.core.keyword.internal.KeywordExecutor.executeKeywordForPlatform(KeywordExecutor.groovy:73)
	at com.kms.katalon.core.webui.keyword.WebUiBuiltInKeywords.switchToFrame(WebUiBuiltInKeywords.groovy:2899)
	at com.kms.katalon.core.webui.keyword.WebUiBuiltInKeywords$switchToFrame$5.call(Unknown Source)
	at Sofie-Case-Positive.run(Sofie-Case-Positive:85)
	at com.kms.katalon.core.main.ScriptEngine.run(ScriptEngine.java:194)
	at com.kms.katalon.core.main.ScriptEngine.runScriptAsRawText(ScriptEngine.java:119)
	at com.kms.katalon.core.main.TestCaseExecutor.runScript(TestCaseExecutor.java:369)
	at com.kms.katalon.core.main.TestCaseExecutor.doExecute(TestCaseExecutor.java:360)
	at com.kms.katalon.core.main.TestCaseExecutor.processExecutionPhase(TestCaseExecutor.java:339)
	at com.kms.katalon.core.main.TestCaseExecutor.accessMainPhase(TestCaseExecutor.java:331)
	at com.kms.katalon.core.main.TestCaseExecutor.execute(TestCaseExecutor.java:248)
	at com.kms.katalon.core.main.TestSuiteExecutor.accessTestCaseMainPhase(TestSuiteExecutor.java:191)
	at com.kms.katalon.core.main.TestSuiteExecutor.accessTestSuiteMainPhase(TestSuiteExecutor.java:140)
	at com.kms.katalon.core.main.TestSuiteExecutor.execute(TestSuiteExecutor.java:89)
	at com.kms.katalon.core.main.TestCaseMain.startTestSuite(TestCaseMain.java:185)
	at com.kms.katalon.core.main.TestCaseMain$startTestSuite$0.call(Unknown Source)
	at TempTestSuite1627308499485.run(TempTestSuite1627308499485.groovy:39)
Caused by: org.openqa.selenium.WebDriverException: unknown error: cannot determine loading status
from unknown error: cannot determine loading status
from target frame detached
  (Session info: chrome=91.0.4472.164)
Build info: version: '3.141.59', revision: 'e82be7d358', time: '2018-11-14T08:25:53'
System info: host: '192.168.1.2', ip: 'fe80:0:0:0:1e:291e:69fe:5217%en0', os.name: 'Mac OS X', os.arch: 'x86_64', os.version: '10.15.5', java.version: '1.8.0_275'
Driver info: com.kms.katalon.selenium.driver.CChromeDriver
Capabilities {acceptInsecureCerts: false, browserName: chrome, browserVersion: 91.0.4472.164, chrome: {chromedriverVersion: 90.0.4430.24 (4c6d850f087da..., userDataDir: /var/folders/r9/x26cy6x527l...}, goog:chromeOptions: {debuggerAddress: localhost:53792}, javascriptEnabled: true, networkConnectionEnabled: false, pageLoadStrategy: normal, platform: MAC, platformName: MAC, proxy: Proxy(), setWindowRect: true, strictFileInteractability: false, timeouts: {implicit: 0, pageLoad: 300000, script: 30000}, unhandledPromptBehavior: dismiss and notify, webauthn:extension:largeBlob: true, webauthn:virtualAuthenticators: true}
Session ID: 2c5b79e8b89dc1a2bb31f34131b36c32
	at org.openqa.selenium.remote.http.W3CHttpResponseCodec.createException(W3CHttpResponseCodec.java:187)
	at org.openqa.selenium.remote.http.W3CHttpResponseCodec.decode(W3CHttpResponseCodec.java:122)
	at org.openqa.selenium.remote.http.W3CHttpResponseCodec.decode(W3CHttpResponseCodec.java:49)
	at org.openqa.selenium.remote.HttpCommandExecutor.execute(HttpCommandExecutor.java:158)
	at org.openqa.selenium.remote.service.DriverCommandExecutor.execute(DriverCommandExecutor.java:83)
	at org.openqa.selenium.remote.RemoteWebDriver.execute(RemoteWebDriver.java:552)
	at com.kms.katalon.selenium.driver.CChromeDriver.execute(CChromeDriver.java:19)
	at org.openqa.selenium.remote.RemoteWebDriver$RemoteTargetLocator.frame(RemoteWebDriver.java:892)
	at org.openqa.selenium.support.events.EventFiringWebDriver$EventFiringTargetLocator.frame(EventFiringWebDriver.java:707)
	at com.kms.katalon.core.webui.keyword.builtin.SwitchToFrameKeyword$_switchToFrame_closure1.doCall(SwitchToFrameKeyword.groovy:79)
	at com.kms.katalon.core.webui.keyword.builtin.SwitchToFrameKeyword$_switchToFrame_closure1.call(SwitchToFrameKeyword.groovy)
	at com.kms.katalon.core.webui.keyword.internal.WebUIKeywordMain.runKeyword(WebUIKeywordMain.groovy:20)
	at com.kms.katalon.core.webui.keyword.builtin.SwitchToFrameKeyword.switchToFrame(SwitchToFrameKeyword.groovy:84)
	at com.kms.katalon.core.webui.keyword.builtin.SwitchToFrameKeyword.execute(SwitchToFrameKeyword.groovy:68)
	at com.kms.katalon.core.keyword.internal.KeywordExecutor.executeKeywordForPlatform(KeywordExecutor.groovy:73)
	at com.kms.katalon.core.webui.keyword.WebUiBuiltInKeywords.switchToFrame(WebUiBuiltInKeywords.groovy:2899)
	at com.kms.katalon.core.webui.keyword.WebUiBuiltInKeywords$switchToFrame$5.call(Unknown Source)
	at Script1627296086859.run(Script1627296086859.groovy:85)
	... 13 more
)

2021-07-26 21:08:49 - [TEST_STEP][PASSED] - click(findTestObject("btn-buy-now")): Object: 'Object Repository/btn-buy-now' is clicked on

2021-07-26 21:08:50 - [MESSAGE][PASSED] - Object: 'Object Repository/btn-buy-now' is clicked on

2021-07-26 21:08:50 - [TEST_STEP][PASSED] - clearText(findTestObject("txt-amount")): Text of object 'Object Repository/txt-amount' is cleared

2021-07-26 21:08:50 - [MESSAGE][PASSED] - Text of object 'Object Repository/txt-amount' is cleared

2021-07-26 21:08:50 - [TEST_STEP][PASSED] - clearText(findTestObject("txt-name")): Text of object 'Object Repository/txt-name' is cleared

2021-07-26 21:08:51 - [MESSAGE][PASSED] - Text of object 'Object Repository/txt-name' is cleared

2021-07-26 21:08:51 - [TEST_STEP][PASSED] - clearText(findTestObject("txt-email")): Text of object 'Object Repository/txt-email' is cleared

2021-07-26 21:08:51 - [MESSAGE][PASSED] - Text of object 'Object Repository/txt-email' is cleared

2021-07-26 21:08:51 - [TEST_STEP][PASSED] - clearText(findTestObject("txt-phone")): Text of object 'Object Repository/txt-phone' is cleared

2021-07-26 21:08:51 - [MESSAGE][PASSED] - Text of object 'Object Repository/txt-phone' is cleared

2021-07-26 21:08:51 - [TEST_STEP][PASSED] - clearText(findTestObject("txt-city")): Text of object 'Object Repository/txt-city' is cleared

2021-07-26 21:08:52 - [MESSAGE][PASSED] - Text of object 'Object Repository/txt-city' is cleared

2021-07-26 21:08:52 - [TEST_STEP][PASSED] - clearText(findTestObject("txt-address")): Text of object 'Object Repository/txt-address' is cleared

2021-07-26 21:08:52 - [MESSAGE][PASSED] - Text of object 'Object Repository/txt-address' is cleared

2021-07-26 21:08:52 - [TEST_STEP][PASSED] - clearText(findTestObject("txt-postal-code")): Text of object 'Object Repository/txt-postal-code' is cleared

2021-07-26 21:08:52 - [MESSAGE][PASSED] - Text of object 'Object Repository/txt-postal-code' is cleared

2021-07-26 21:08:52 - [TEST_STEP][PASSED] - setText(findTestObject("txt-amount"), data.getValue("amount", rowlogin)): Text '20000' is set on object 'Object Repository/txt-amount'

2021-07-26 21:08:53 - [MESSAGE][PASSED] - Text '20000' is set on object 'Object Repository/txt-amount'

2021-07-26 21:08:53 - [TEST_STEP][PASSED] - setText(findTestObject("txt-amount"), data.getValue("amount", rowlogin)): Text '20000' is set on object 'Object Repository/txt-amount'

2021-07-26 21:08:54 - [MESSAGE][PASSED] - Text '20000' is set on object 'Object Repository/txt-amount'

2021-07-26 21:08:54 - [TEST_STEP][PASSED] - setText(findTestObject("txt-name"), data.getValue("name", rowlogin)): Text 'Arisa Hazriaty' is set on object 'Object Repository/txt-name'

2021-07-26 21:08:55 - [MESSAGE][PASSED] - Text 'Arisa Hazriaty' is set on object 'Object Repository/txt-name'

2021-07-26 21:08:55 - [TEST_STEP][PASSED] - setText(findTestObject("txt-email"), data.getValue("email", rowlogin)): Text 'Arisahazriaty16041993@gmail.com' is set on object 'Object Repository/txt-email'

2021-07-26 21:08:56 - [MESSAGE][PASSED] - Text 'Arisahazriaty16041993@gmail.com' is set on object 'Object Repository/txt-email'

2021-07-26 21:08:56 - [TEST_STEP][PASSED] - setText(findTestObject("txt-phone"), data.getValue("phone", rowlogin)): Text '81286858991' is set on object 'Object Repository/txt-phone'

2021-07-26 21:08:57 - [MESSAGE][PASSED] - Text '81286858991' is set on object 'Object Repository/txt-phone'

2021-07-26 21:08:57 - [TEST_STEP][PASSED] - setText(findTestObject("txt-city"), data.getValue("city", rowlogin)): Text 'Tangerang' is set on object 'Object Repository/txt-city'

2021-07-26 21:08:57 - [MESSAGE][PASSED] - Text 'Tangerang' is set on object 'Object Repository/txt-city'

2021-07-26 21:08:57 - [TEST_STEP][PASSED] - setText(findTestObject("txt-address"), data.getValue("address", rowlogin)): Text 'Karawaci' is set on object 'Object Repository/txt-address'

2021-07-26 21:08:58 - [MESSAGE][PASSED] - Text 'Karawaci' is set on object 'Object Repository/txt-address'

2021-07-26 21:08:58 - [TEST_STEP][PASSED] - setText(findTestObject("txt-postal-code"), data.getValue("postal", rowlogin)): Text '15152' is set on object 'Object Repository/txt-postal-code'

2021-07-26 21:08:59 - [MESSAGE][PASSED] - Text '15152' is set on object 'Object Repository/txt-postal-code'

2021-07-26 21:08:59 - [TEST_STEP][PASSED] - click(findTestObject("btn-checkout")): Object: 'Object Repository/btn-checkout' is clicked on

2021-07-26 21:08:59 - [MESSAGE][PASSED] - Object: 'Object Repository/btn-checkout' is clicked on

2021-07-26 21:08:59 - [TEST_STEP][PASSED] - switchToFrame(findTestObject("iframe"), 15): [SELF-HEALING] The current locator of test object 'Object Repository/iframe' was broken. Propose an alternative one: '//iframe[@id='snap-midtrans']'.

2021-07-26 21:09:15 - [MESSAGE][INFO] - Unable to find the element located by 'By.xpath: //*[@src = 'https://app.sandbox.midtrans.com/snap/v1/pay?origin_host=https://demo.midtrans.com&digest=40b45cde5af955914cd02faf976ebf644b6d0cc4627f23ea6ea89be809b9fead&client_key=VT-client-yrHf-c8Sxr-ck8tx#/' and @id = 'snap-midtrans' and @name = 'popup_1626846935623']'. Please recheck the objects properties to make sure the desired element is located. 

2021-07-26 21:09:15 - [MESSAGE][WARNING] - [SELF-HEALING] Failed to find element with id 'Object Repository/iframe'. Try using Self-healing.

2021-07-26 21:09:15 - [MESSAGE][WARNING] - [SELF-HEALING] The current locator of test object 'Object Repository/iframe' was broken. Propose an alternative one: '//iframe[@id='snap-midtrans']'.

2021-07-26 21:09:15 - [TEST_STEP][PASSED] - click(findTestObject("Tab-ShippingDetails")): Object: 'Object Repository/Tab-ShippingDetails' is clicked on

2021-07-26 21:09:16 - [MESSAGE][PASSED] - Object: 'Object Repository/Tab-ShippingDetails' is clicked on

2021-07-26 21:09:16 - [TEST_STEP][PASSED] - click(findTestObject("lbl-order-details")): Object: 'Object Repository/lbl-order-details' is clicked on

2021-07-26 21:09:16 - [MESSAGE][PASSED] - Object: 'Object Repository/lbl-order-details' is clicked on

2021-07-26 21:09:16 - [TEST_STEP][PASSED] - click(findTestObject("btn-continue")): Object: 'Object Repository/btn-continue' is clicked on

2021-07-26 21:09:16 - [MESSAGE][PASSED] - Object: 'Object Repository/btn-continue' is clicked on

2021-07-26 21:09:16 - [TEST_STEP][PASSED] - click(findTestObject("btn-creditcard")): Object: 'Object Repository/btn-creditcard' is clicked on

2021-07-26 21:09:16 - [MESSAGE][PASSED] - Object: 'Object Repository/btn-creditcard' is clicked on

2021-07-26 21:09:16 - [TEST_STEP][PASSED] - setText(findTestObject("txt-cardnumber"), data.getValue("card_number", rowlogin)): Text ''4811111111111114’' is set on object 'Object Repository/txt-cardnumber'

2021-07-26 21:09:17 - [MESSAGE][PASSED] - Text ''4811111111111114’' is set on object 'Object Repository/txt-cardnumber'

2021-07-26 21:09:17 - [TEST_STEP][PASSED] - setText(findTestObject("txt-expiry-date"), data.getValue("expiry_date", rowlogin)): Text '01/25' is set on object 'Object Repository/txt-expiry-date'

2021-07-26 21:09:17 - [MESSAGE][PASSED] - Text '01/25' is set on object 'Object Repository/txt-expiry-date'

2021-07-26 21:09:17 - [TEST_STEP][PASSED] - setText(findTestObject("txt-cvv"), data.getValue("cvv", rowlogin)): Text '123' is set on object 'Object Repository/txt-cvv'

2021-07-26 21:09:18 - [MESSAGE][PASSED] - Text '123' is set on object 'Object Repository/txt-cvv'

2021-07-26 21:09:18 - [TEST_STEP][PASSED] - verifyElementClickable(findTestObject("chx-pot-10-persen")): Object 'Object Repository/chx-pot-10-persen' is clickable

2021-07-26 21:09:18 - [MESSAGE][PASSED] - Object 'Object Repository/chx-pot-10-persen' is clickable

2021-07-26 21:09:18 - [TEST_STEP][PASSED] - if (data.getValue("promo", rowlogin) == "A"): Object 'Object Repository/chx-pot-10-rupiah' is checked

2021-07-26 21:09:18 - [TEST_STEP][PASSED] - check(findTestObject("chx-pot-10-rupiah")): Object 'Object Repository/chx-pot-10-rupiah' is checked

2021-07-26 21:09:18 - [MESSAGE][PASSED] - Object 'Object Repository/chx-pot-10-rupiah' is checked

2021-07-26 21:09:18 - [TEST_STEP][PASSED] - click(findTestObject("btn-pay-now")): Object: 'Object Repository/btn-pay-now' is clicked on

2021-07-26 21:09:18 - [MESSAGE][PASSED] - Object: 'Object Repository/btn-pay-now' is clicked on

2021-07-26 21:09:18 - [TEST_STEP][FAILED] - switchToFrame(findTestObject("iframe - IssuingBank"), 3): Unable to verify image 'Object Repository/iframe - IssuingBank' present (Root cause: com.kms.katalon.core.exception.StepFailedException: Unable to verify image 'Object Repository/iframe - IssuingBank' present
	at com.kms.katalon.core.webui.keyword.internal.WebUIKeywordMain.stepFailed(WebUIKeywordMain.groovy:64)
	at com.kms.katalon.core.webui.keyword.internal.WebUIKeywordMain.runKeyword(WebUIKeywordMain.groovy:26)
	at com.kms.katalon.core.webui.keyword.builtin.SwitchToFrameKeyword.switchToFrame(SwitchToFrameKeyword.groovy:84)
	at com.kms.katalon.core.webui.keyword.builtin.SwitchToFrameKeyword.execute(SwitchToFrameKeyword.groovy:68)
	at com.kms.katalon.core.keyword.internal.KeywordExecutor.executeKeywordForPlatform(KeywordExecutor.groovy:73)
	at com.kms.katalon.core.webui.keyword.WebUiBuiltInKeywords.switchToFrame(WebUiBuiltInKeywords.groovy:2899)
	at com.kms.katalon.core.webui.keyword.WebUiBuiltInKeywords$switchToFrame$5.call(Unknown Source)
	at Sofie-Case-Positive.run(Sofie-Case-Positive:85)
	at com.kms.katalon.core.main.ScriptEngine.run(ScriptEngine.java:194)
	at com.kms.katalon.core.main.ScriptEngine.runScriptAsRawText(ScriptEngine.java:119)
	at com.kms.katalon.core.main.TestCaseExecutor.runScript(TestCaseExecutor.java:369)
	at com.kms.katalon.core.main.TestCaseExecutor.doExecute(TestCaseExecutor.java:360)
	at com.kms.katalon.core.main.TestCaseExecutor.processExecutionPhase(TestCaseExecutor.java:339)
	at com.kms.katalon.core.main.TestCaseExecutor.accessMainPhase(TestCaseExecutor.java:331)
	at com.kms.katalon.core.main.TestCaseExecutor.execute(TestCaseExecutor.java:248)
	at com.kms.katalon.core.main.TestSuiteExecutor.accessTestCaseMainPhase(TestSuiteExecutor.java:191)
	at com.kms.katalon.core.main.TestSuiteExecutor.accessTestSuiteMainPhase(TestSuiteExecutor.java:140)
	at com.kms.katalon.core.main.TestSuiteExecutor.execute(TestSuiteExecutor.java:89)
	at com.kms.katalon.core.main.TestCaseMain.startTestSuite(TestCaseMain.java:185)
	at com.kms.katalon.core.main.TestCaseMain$startTestSuite$0.call(Unknown Source)
	at TempTestSuite1627308499485.run(TempTestSuite1627308499485.groovy:39)
Caused by: org.openqa.selenium.WebDriverException: unknown error: cannot determine loading status
from unknown error: cannot determine loading status
from target frame detached
  (Session info: chrome=91.0.4472.164)
Build info: version: '3.141.59', revision: 'e82be7d358', time: '2018-11-14T08:25:53'
System info: host: '192.168.1.2', ip: 'fe80:0:0:0:1e:291e:69fe:5217%en0', os.name: 'Mac OS X', os.arch: 'x86_64', os.version: '10.15.5', java.version: '1.8.0_275'
Driver info: com.kms.katalon.selenium.driver.CChromeDriver
Capabilities {acceptInsecureCerts: false, browserName: chrome, browserVersion: 91.0.4472.164, chrome: {chromedriverVersion: 90.0.4430.24 (4c6d850f087da..., userDataDir: /var/folders/r9/x26cy6x527l...}, goog:chromeOptions: {debuggerAddress: localhost:53792}, javascriptEnabled: true, networkConnectionEnabled: false, pageLoadStrategy: normal, platform: MAC, platformName: MAC, proxy: Proxy(), setWindowRect: true, strictFileInteractability: false, timeouts: {implicit: 0, pageLoad: 300000, script: 30000}, unhandledPromptBehavior: dismiss and notify, webauthn:extension:largeBlob: true, webauthn:virtualAuthenticators: true}
Session ID: 2c5b79e8b89dc1a2bb31f34131b36c32
	at org.openqa.selenium.remote.http.W3CHttpResponseCodec.createException(W3CHttpResponseCodec.java:187)
	at org.openqa.selenium.remote.http.W3CHttpResponseCodec.decode(W3CHttpResponseCodec.java:122)
	at org.openqa.selenium.remote.http.W3CHttpResponseCodec.decode(W3CHttpResponseCodec.java:49)
	at org.openqa.selenium.remote.HttpCommandExecutor.execute(HttpCommandExecutor.java:158)
	at org.openqa.selenium.remote.service.DriverCommandExecutor.execute(DriverCommandExecutor.java:83)
	at org.openqa.selenium.remote.RemoteWebDriver.execute(RemoteWebDriver.java:552)
	at com.kms.katalon.selenium.driver.CChromeDriver.execute(CChromeDriver.java:19)
	at org.openqa.selenium.remote.RemoteWebDriver$RemoteTargetLocator.frame(RemoteWebDriver.java:892)
	at org.openqa.selenium.support.events.EventFiringWebDriver$EventFiringTargetLocator.frame(EventFiringWebDriver.java:707)
	at com.kms.katalon.core.webui.keyword.builtin.SwitchToFrameKeyword$_switchToFrame_closure1.doCall(SwitchToFrameKeyword.groovy:79)
	at com.kms.katalon.core.webui.keyword.builtin.SwitchToFrameKeyword$_switchToFrame_closure1.call(SwitchToFrameKeyword.groovy)
	at com.kms.katalon.core.webui.keyword.internal.WebUIKeywordMain.runKeyword(WebUIKeywordMain.groovy:20)
	at com.kms.katalon.core.webui.keyword.builtin.SwitchToFrameKeyword.switchToFrame(SwitchToFrameKeyword.groovy:84)
	at com.kms.katalon.core.webui.keyword.builtin.SwitchToFrameKeyword.execute(SwitchToFrameKeyword.groovy:68)
	at com.kms.katalon.core.keyword.internal.KeywordExecutor.executeKeywordForPlatform(KeywordExecutor.groovy:73)
	at com.kms.katalon.core.webui.keyword.WebUiBuiltInKeywords.switchToFrame(WebUiBuiltInKeywords.groovy:2899)
	at com.kms.katalon.core.webui.keyword.WebUiBuiltInKeywords$switchToFrame$5.call(Unknown Source)
	at Script1627296086859.run(Script1627296086859.groovy:85)
	... 13 more
)

2021-07-26 21:09:23 - [MESSAGE][INFO] - Unable to find the element located by 'By.xpath: //*[@src = 'https://app.sandbox.midtrans.com/snap/v1/pay?origin_host=https://demo.midtrans.com&digest=40b45cde5af955914cd02faf976ebf644b6d0cc4627f23ea6ea89be809b9fead&client_key=VT-client-yrHf-c8Sxr-ck8tx#/' and @id = 'snap-midtrans' and @name = 'popup_1626922698409']'. Please recheck the objects properties to make sure the desired element is located. 

2021-07-26 21:09:23 - [MESSAGE][WARNING] - [SELF-HEALING] Failed to find element with id 'Object Repository/iframe - IssuingBank'. Try using Self-healing.

2021-07-26 21:09:23 - [MESSAGE][WARNING] - [SELF-HEALING] The current locator of test object 'Object Repository/iframe - IssuingBank' was broken. Propose an alternative one: 'iframe'.

2021-07-26 21:09:24 - [MESSAGE][FAILED] - Unable to verify image 'Object Repository/iframe - IssuingBank' present (Root cause: com.kms.katalon.core.exception.StepFailedException: Unable to verify image 'Object Repository/iframe - IssuingBank' present
	at com.kms.katalon.core.webui.keyword.internal.WebUIKeywordMain.stepFailed(WebUIKeywordMain.groovy:64)
	at com.kms.katalon.core.webui.keyword.internal.WebUIKeywordMain.runKeyword(WebUIKeywordMain.groovy:26)
	at com.kms.katalon.core.webui.keyword.builtin.SwitchToFrameKeyword.switchToFrame(SwitchToFrameKeyword.groovy:84)
	at com.kms.katalon.core.webui.keyword.builtin.SwitchToFrameKeyword.execute(SwitchToFrameKeyword.groovy:68)
	at com.kms.katalon.core.keyword.internal.KeywordExecutor.executeKeywordForPlatform(KeywordExecutor.groovy:73)
	at com.kms.katalon.core.webui.keyword.WebUiBuiltInKeywords.switchToFrame(WebUiBuiltInKeywords.groovy:2899)
	at com.kms.katalon.core.webui.keyword.WebUiBuiltInKeywords$switchToFrame$5.call(Unknown Source)
	at Sofie-Case-Positive.run(Sofie-Case-Positive:85)
	at com.kms.katalon.core.main.ScriptEngine.run(ScriptEngine.java:194)
	at com.kms.katalon.core.main.ScriptEngine.runScriptAsRawText(ScriptEngine.java:119)
	at com.kms.katalon.core.main.TestCaseExecutor.runScript(TestCaseExecutor.java:369)
	at com.kms.katalon.core.main.TestCaseExecutor.doExecute(TestCaseExecutor.java:360)
	at com.kms.katalon.core.main.TestCaseExecutor.processExecutionPhase(TestCaseExecutor.java:339)
	at com.kms.katalon.core.main.TestCaseExecutor.accessMainPhase(TestCaseExecutor.java:331)
	at com.kms.katalon.core.main.TestCaseExecutor.execute(TestCaseExecutor.java:248)
	at com.kms.katalon.core.main.TestSuiteExecutor.accessTestCaseMainPhase(TestSuiteExecutor.java:191)
	at com.kms.katalon.core.main.TestSuiteExecutor.accessTestSuiteMainPhase(TestSuiteExecutor.java:140)
	at com.kms.katalon.core.main.TestSuiteExecutor.execute(TestSuiteExecutor.java:89)
	at com.kms.katalon.core.main.TestCaseMain.startTestSuite(TestCaseMain.java:185)
	at com.kms.katalon.core.main.TestCaseMain$startTestSuite$0.call(Unknown Source)
	at TempTestSuite1627308499485.run(TempTestSuite1627308499485.groovy:39)
Caused by: org.openqa.selenium.WebDriverException: unknown error: cannot determine loading status
from unknown error: cannot determine loading status
from target frame detached
  (Session info: chrome=91.0.4472.164)
Build info: version: '3.141.59', revision: 'e82be7d358', time: '2018-11-14T08:25:53'
System info: host: '192.168.1.2', ip: 'fe80:0:0:0:1e:291e:69fe:5217%en0', os.name: 'Mac OS X', os.arch: 'x86_64', os.version: '10.15.5', java.version: '1.8.0_275'
Driver info: com.kms.katalon.selenium.driver.CChromeDriver
Capabilities {acceptInsecureCerts: false, browserName: chrome, browserVersion: 91.0.4472.164, chrome: {chromedriverVersion: 90.0.4430.24 (4c6d850f087da..., userDataDir: /var/folders/r9/x26cy6x527l...}, goog:chromeOptions: {debuggerAddress: localhost:53792}, javascriptEnabled: true, networkConnectionEnabled: false, pageLoadStrategy: normal, platform: MAC, platformName: MAC, proxy: Proxy(), setWindowRect: true, strictFileInteractability: false, timeouts: {implicit: 0, pageLoad: 300000, script: 30000}, unhandledPromptBehavior: dismiss and notify, webauthn:extension:largeBlob: true, webauthn:virtualAuthenticators: true}
Session ID: 2c5b79e8b89dc1a2bb31f34131b36c32
	at org.openqa.selenium.remote.http.W3CHttpResponseCodec.createException(W3CHttpResponseCodec.java:187)
	at org.openqa.selenium.remote.http.W3CHttpResponseCodec.decode(W3CHttpResponseCodec.java:122)
	at org.openqa.selenium.remote.http.W3CHttpResponseCodec.decode(W3CHttpResponseCodec.java:49)
	at org.openqa.selenium.remote.HttpCommandExecutor.execute(HttpCommandExecutor.java:158)
	at org.openqa.selenium.remote.service.DriverCommandExecutor.execute(DriverCommandExecutor.java:83)
	at org.openqa.selenium.remote.RemoteWebDriver.execute(RemoteWebDriver.java:552)
	at com.kms.katalon.selenium.driver.CChromeDriver.execute(CChromeDriver.java:19)
	at org.openqa.selenium.remote.RemoteWebDriver$RemoteTargetLocator.frame(RemoteWebDriver.java:892)
	at org.openqa.selenium.support.events.EventFiringWebDriver$EventFiringTargetLocator.frame(EventFiringWebDriver.java:707)
	at com.kms.katalon.core.webui.keyword.builtin.SwitchToFrameKeyword$_switchToFrame_closure1.doCall(SwitchToFrameKeyword.groovy:79)
	at com.kms.katalon.core.webui.keyword.builtin.SwitchToFrameKeyword$_switchToFrame_closure1.call(SwitchToFrameKeyword.groovy)
	at com.kms.katalon.core.webui.keyword.internal.WebUIKeywordMain.runKeyword(WebUIKeywordMain.groovy:20)
	at com.kms.katalon.core.webui.keyword.builtin.SwitchToFrameKeyword.switchToFrame(SwitchToFrameKeyword.groovy:84)
	at com.kms.katalon.core.webui.keyword.builtin.SwitchToFrameKeyword.execute(SwitchToFrameKeyword.groovy:68)
	at com.kms.katalon.core.keyword.internal.KeywordExecutor.executeKeywordForPlatform(KeywordExecutor.groovy:73)
	at com.kms.katalon.core.webui.keyword.WebUiBuiltInKeywords.switchToFrame(WebUiBuiltInKeywords.groovy:2899)
	at com.kms.katalon.core.webui.keyword.WebUiBuiltInKeywords$switchToFrame$5.call(Unknown Source)
	at Script1627296086859.run(Script1627296086859.groovy:85)
	... 13 more
)
[[ATTACHMENT|/Users/arisahazriaty/Katalon Studio/ProjectMidtrans/Reports/20210726_210819/Midtrans-Sofie/20210726_210819/1627308563784.png]]]]></system-out>
         <system-err><![CDATA[2021-07-26 21:08:47 - [TEST_CASE][FAILED] - Test Cases/Sofie-Case-Positive: Test Cases/Sofie-Case-Positive FAILED.
Reason:
com.kms.katalon.core.exception.StepFailedException: Unable to verify image 'Object Repository/iframe - IssuingBank' present
	at com.kms.katalon.core.webui.keyword.internal.WebUIKeywordMain.stepFailed(WebUIKeywordMain.groovy:64)
	at com.kms.katalon.core.webui.keyword.internal.WebUIKeywordMain.runKeyword(WebUIKeywordMain.groovy:26)
	at com.kms.katalon.core.webui.keyword.builtin.SwitchToFrameKeyword.switchToFrame(SwitchToFrameKeyword.groovy:84)
	at com.kms.katalon.core.webui.keyword.builtin.SwitchToFrameKeyword.execute(SwitchToFrameKeyword.groovy:68)
	at com.kms.katalon.core.keyword.internal.KeywordExecutor.executeKeywordForPlatform(KeywordExecutor.groovy:73)
	at com.kms.katalon.core.webui.keyword.WebUiBuiltInKeywords.switchToFrame(WebUiBuiltInKeywords.groovy:2899)
	at com.kms.katalon.core.webui.keyword.WebUiBuiltInKeywords$switchToFrame$5.call(Unknown Source)
	at Sofie-Case-Positive.run(Sofie-Case-Positive:85)
	at com.kms.katalon.core.main.ScriptEngine.run(ScriptEngine.java:194)
	at com.kms.katalon.core.main.ScriptEngine.runScriptAsRawText(ScriptEngine.java:119)
	at com.kms.katalon.core.main.TestCaseExecutor.runScript(TestCaseExecutor.java:369)
	at com.kms.katalon.core.main.TestCaseExecutor.doExecute(TestCaseExecutor.java:360)
	at com.kms.katalon.core.main.TestCaseExecutor.processExecutionPhase(TestCaseExecutor.java:339)
	at com.kms.katalon.core.main.TestCaseExecutor.accessMainPhase(TestCaseExecutor.java:331)
	at com.kms.katalon.core.main.TestCaseExecutor.execute(TestCaseExecutor.java:248)
	at com.kms.katalon.core.main.TestSuiteExecutor.accessTestCaseMainPhase(TestSuiteExecutor.java:191)
	at com.kms.katalon.core.main.TestSuiteExecutor.accessTestSuiteMainPhase(TestSuiteExecutor.java:140)
	at com.kms.katalon.core.main.TestSuiteExecutor.execute(TestSuiteExecutor.java:89)
	at com.kms.katalon.core.main.TestCaseMain.startTestSuite(TestCaseMain.java:185)
	at com.kms.katalon.core.main.TestCaseMain$startTestSuite$0.call(Unknown Source)
	at TempTestSuite1627308499485.run(TempTestSuite1627308499485.groovy:39)
Caused by: org.openqa.selenium.WebDriverException: unknown error: cannot determine loading status
from unknown error: cannot determine loading status
from target frame detached
  (Session info: chrome=91.0.4472.164)
Build info: version: '3.141.59', revision: 'e82be7d358', time: '2018-11-14T08:25:53'
System info: host: '192.168.1.2', ip: 'fe80:0:0:0:1e:291e:69fe:5217%en0', os.name: 'Mac OS X', os.arch: 'x86_64', os.version: '10.15.5', java.version: '1.8.0_275'
Driver info: com.kms.katalon.selenium.driver.CChromeDriver
Capabilities {acceptInsecureCerts: false, browserName: chrome, browserVersion: 91.0.4472.164, chrome: {chromedriverVersion: 90.0.4430.24 (4c6d850f087da..., userDataDir: /var/folders/r9/x26cy6x527l...}, goog:chromeOptions: {debuggerAddress: localhost:53792}, javascriptEnabled: true, networkConnectionEnabled: false, pageLoadStrategy: normal, platform: MAC, platformName: MAC, proxy: Proxy(), setWindowRect: true, strictFileInteractability: false, timeouts: {implicit: 0, pageLoad: 300000, script: 30000}, unhandledPromptBehavior: dismiss and notify, webauthn:extension:largeBlob: true, webauthn:virtualAuthenticators: true}
Session ID: 2c5b79e8b89dc1a2bb31f34131b36c32
	at org.openqa.selenium.remote.http.W3CHttpResponseCodec.createException(W3CHttpResponseCodec.java:187)
	at org.openqa.selenium.remote.http.W3CHttpResponseCodec.decode(W3CHttpResponseCodec.java:122)
	at org.openqa.selenium.remote.http.W3CHttpResponseCodec.decode(W3CHttpResponseCodec.java:49)
	at org.openqa.selenium.remote.HttpCommandExecutor.execute(HttpCommandExecutor.java:158)
	at org.openqa.selenium.remote.service.DriverCommandExecutor.execute(DriverCommandExecutor.java:83)
	at org.openqa.selenium.remote.RemoteWebDriver.execute(RemoteWebDriver.java:552)
	at com.kms.katalon.selenium.driver.CChromeDriver.execute(CChromeDriver.java:19)
	at org.openqa.selenium.remote.RemoteWebDriver$RemoteTargetLocator.frame(RemoteWebDriver.java:892)
	at org.openqa.selenium.support.events.EventFiringWebDriver$EventFiringTargetLocator.frame(EventFiringWebDriver.java:707)
	at com.kms.katalon.core.webui.keyword.builtin.SwitchToFrameKeyword$_switchToFrame_closure1.doCall(SwitchToFrameKeyword.groovy:79)
	at com.kms.katalon.core.webui.keyword.builtin.SwitchToFrameKeyword$_switchToFrame_closure1.call(SwitchToFrameKeyword.groovy)
	at com.kms.katalon.core.webui.keyword.internal.WebUIKeywordMain.runKeyword(WebUIKeywordMain.groovy:20)
	... 19 more]]></system-err>
      </testcase>
      <system-out><![CDATA[2021-07-26 21:08:38 - [TEST_SUITE][FAILED] - Midtrans-Sofie: Test Cases/Sofie-Case-Positive FAILED.
Reason:
com.kms.katalon.core.exception.StepFailedException: Unable to verify image 'Object Repository/iframe - IssuingBank' present
	at com.kms.katalon.core.webui.keyword.internal.WebUIKeywordMain.stepFailed(WebUIKeywordMain.groovy:64)
	at com.kms.katalon.core.webui.keyword.internal.WebUIKeywordMain.runKeyword(WebUIKeywordMain.groovy:26)
	at com.kms.katalon.core.webui.keyword.builtin.SwitchToFrameKeyword.switchToFrame(SwitchToFrameKeyword.groovy:84)
	at com.kms.katalon.core.webui.keyword.builtin.SwitchToFrameKeyword.execute(SwitchToFrameKeyword.groovy:68)
	at com.kms.katalon.core.keyword.internal.KeywordExecutor.executeKeywordForPlatform(KeywordExecutor.groovy:73)
	at com.kms.katalon.core.webui.keyword.WebUiBuiltInKeywords.switchToFrame(WebUiBuiltInKeywords.groovy:2899)
	at com.kms.katalon.core.webui.keyword.WebUiBuiltInKeywords$switchToFrame$5.call(Unknown Source)
	at Sofie-Case-Positive.run(Sofie-Case-Positive:85)
	at com.kms.katalon.core.main.ScriptEngine.run(ScriptEngine.java:194)
	at com.kms.katalon.core.main.ScriptEngine.runScriptAsRawText(ScriptEngine.java:119)
	at com.kms.katalon.core.main.TestCaseExecutor.runScript(TestCaseExecutor.java:369)
	at com.kms.katalon.core.main.TestCaseExecutor.doExecute(TestCaseExecutor.java:360)
	at com.kms.katalon.core.main.TestCaseExecutor.processExecutionPhase(TestCaseExecutor.java:339)
	at com.kms.katalon.core.main.TestCaseExecutor.accessMainPhase(TestCaseExecutor.java:331)
	at com.kms.katalon.core.main.TestCaseExecutor.execute(TestCaseExecutor.java:248)
	at com.kms.katalon.core.main.TestSuiteExecutor.accessTestCaseMainPhase(TestSuiteExecutor.java:191)
	at com.kms.katalon.core.main.TestSuiteExecutor.accessTestSuiteMainPhase(TestSuiteExecutor.java:140)
	at com.kms.katalon.core.main.TestSuiteExecutor.execute(TestSuiteExecutor.java:89)
	at com.kms.katalon.core.main.TestCaseMain.startTestSuite(TestCaseMain.java:185)
	at com.kms.katalon.core.main.TestCaseMain$startTestSuite$0.call(Unknown Source)
	at TempTestSuite1627308499485.run(TempTestSuite1627308499485.groovy:39)
Caused by: org.openqa.selenium.WebDriverException: unknown error: cannot determine loading status
from unknown error: cannot determine loading status
from target frame detached
  (Session info: chrome=91.0.4472.164)
Build info: version: '3.141.59', revision: 'e82be7d358', time: '2018-11-14T08:25:53'
System info: host: '192.168.1.2', ip: 'fe80:0:0:0:1e:291e:69fe:5217%en0', os.name: 'Mac OS X', os.arch: 'x86_64', os.version: '10.15.5', java.version: '1.8.0_275'
Driver info: com.kms.katalon.selenium.driver.CChromeDriver
Capabilities {acceptInsecureCerts: false, browserName: chrome, browserVersion: 91.0.4472.164, chrome: {chromedriverVersion: 90.0.4430.24 (4c6d850f087da..., userDataDir: /var/folders/r9/x26cy6x527l...}, goog:chromeOptions: {debuggerAddress: localhost:53792}, javascriptEnabled: true, networkConnectionEnabled: false, pageLoadStrategy: normal, platform: MAC, platformName: MAC, proxy: Proxy(), setWindowRect: true, strictFileInteractability: false, timeouts: {implicit: 0, pageLoad: 300000, script: 30000}, unhandledPromptBehavior: dismiss and notify, webauthn:extension:largeBlob: true, webauthn:virtualAuthenticators: true}
Session ID: 2c5b79e8b89dc1a2bb31f34131b36c32
	at org.openqa.selenium.remote.http.W3CHttpResponseCodec.createException(W3CHttpResponseCodec.java:187)
	at org.openqa.selenium.remote.http.W3CHttpResponseCodec.decode(W3CHttpResponseCodec.java:122)
	at org.openqa.selenium.remote.http.W3CHttpResponseCodec.decode(W3CHttpResponseCodec.java:49)
	at org.openqa.selenium.remote.HttpCommandExecutor.execute(HttpCommandExecutor.java:158)
	at org.openqa.selenium.remote.service.DriverCommandExecutor.execute(DriverCommandExecutor.java:83)
	at org.openqa.selenium.remote.RemoteWebDriver.execute(RemoteWebDriver.java:552)
	at com.kms.katalon.selenium.driver.CChromeDriver.execute(CChromeDriver.java:19)
	at org.openqa.selenium.remote.RemoteWebDriver$RemoteTargetLocator.frame(RemoteWebDriver.java:892)
	at org.openqa.selenium.support.events.EventFiringWebDriver$EventFiringTargetLocator.frame(EventFiringWebDriver.java:707)
	at com.kms.katalon.core.webui.keyword.builtin.SwitchToFrameKeyword$_switchToFrame_closure1.doCall(SwitchToFrameKeyword.groovy:79)
	at com.kms.katalon.core.webui.keyword.builtin.SwitchToFrameKeyword$_switchToFrame_closure1.call(SwitchToFrameKeyword.groovy)
	at com.kms.katalon.core.webui.keyword.internal.WebUIKeywordMain.runKeyword(WebUIKeywordMain.groovy:20)
	... 19 more]]></system-out>
      <system-err><![CDATA[2021-07-26 21:08:38 - [TEST_SUITE][FAILED] - Midtrans-Sofie: Test Cases/Sofie-Case-Positive FAILED.
Reason:
com.kms.katalon.core.exception.StepFailedException: Unable to verify image 'Object Repository/iframe - IssuingBank' present
	at com.kms.katalon.core.webui.keyword.internal.WebUIKeywordMain.stepFailed(WebUIKeywordMain.groovy:64)
	at com.kms.katalon.core.webui.keyword.internal.WebUIKeywordMain.runKeyword(WebUIKeywordMain.groovy:26)
	at com.kms.katalon.core.webui.keyword.builtin.SwitchToFrameKeyword.switchToFrame(SwitchToFrameKeyword.groovy:84)
	at com.kms.katalon.core.webui.keyword.builtin.SwitchToFrameKeyword.execute(SwitchToFrameKeyword.groovy:68)
	at com.kms.katalon.core.keyword.internal.KeywordExecutor.executeKeywordForPlatform(KeywordExecutor.groovy:73)
	at com.kms.katalon.core.webui.keyword.WebUiBuiltInKeywords.switchToFrame(WebUiBuiltInKeywords.groovy:2899)
	at com.kms.katalon.core.webui.keyword.WebUiBuiltInKeywords$switchToFrame$5.call(Unknown Source)
	at Sofie-Case-Positive.run(Sofie-Case-Positive:85)
	at com.kms.katalon.core.main.ScriptEngine.run(ScriptEngine.java:194)
	at com.kms.katalon.core.main.ScriptEngine.runScriptAsRawText(ScriptEngine.java:119)
	at com.kms.katalon.core.main.TestCaseExecutor.runScript(TestCaseExecutor.java:369)
	at com.kms.katalon.core.main.TestCaseExecutor.doExecute(TestCaseExecutor.java:360)
	at com.kms.katalon.core.main.TestCaseExecutor.processExecutionPhase(TestCaseExecutor.java:339)
	at com.kms.katalon.core.main.TestCaseExecutor.accessMainPhase(TestCaseExecutor.java:331)
	at com.kms.katalon.core.main.TestCaseExecutor.execute(TestCaseExecutor.java:248)
	at com.kms.katalon.core.main.TestSuiteExecutor.accessTestCaseMainPhase(TestSuiteExecutor.java:191)
	at com.kms.katalon.core.main.TestSuiteExecutor.accessTestSuiteMainPhase(TestSuiteExecutor.java:140)
	at com.kms.katalon.core.main.TestSuiteExecutor.execute(TestSuiteExecutor.java:89)
	at com.kms.katalon.core.main.TestCaseMain.startTestSuite(TestCaseMain.java:185)
	at com.kms.katalon.core.main.TestCaseMain$startTestSuite$0.call(Unknown Source)
	at TempTestSuite1627308499485.run(TempTestSuite1627308499485.groovy:39)
Caused by: org.openqa.selenium.WebDriverException: unknown error: cannot determine loading status
from unknown error: cannot determine loading status
from target frame detached
  (Session info: chrome=91.0.4472.164)
Build info: version: '3.141.59', revision: 'e82be7d358', time: '2018-11-14T08:25:53'
System info: host: '192.168.1.2', ip: 'fe80:0:0:0:1e:291e:69fe:5217%en0', os.name: 'Mac OS X', os.arch: 'x86_64', os.version: '10.15.5', java.version: '1.8.0_275'
Driver info: com.kms.katalon.selenium.driver.CChromeDriver
Capabilities {acceptInsecureCerts: false, browserName: chrome, browserVersion: 91.0.4472.164, chrome: {chromedriverVersion: 90.0.4430.24 (4c6d850f087da..., userDataDir: /var/folders/r9/x26cy6x527l...}, goog:chromeOptions: {debuggerAddress: localhost:53792}, javascriptEnabled: true, networkConnectionEnabled: false, pageLoadStrategy: normal, platform: MAC, platformName: MAC, proxy: Proxy(), setWindowRect: true, strictFileInteractability: false, timeouts: {implicit: 0, pageLoad: 300000, script: 30000}, unhandledPromptBehavior: dismiss and notify, webauthn:extension:largeBlob: true, webauthn:virtualAuthenticators: true}
Session ID: 2c5b79e8b89dc1a2bb31f34131b36c32
	at org.openqa.selenium.remote.http.W3CHttpResponseCodec.createException(W3CHttpResponseCodec.java:187)
	at org.openqa.selenium.remote.http.W3CHttpResponseCodec.decode(W3CHttpResponseCodec.java:122)
	at org.openqa.selenium.remote.http.W3CHttpResponseCodec.decode(W3CHttpResponseCodec.java:49)
	at org.openqa.selenium.remote.HttpCommandExecutor.execute(HttpCommandExecutor.java:158)
	at org.openqa.selenium.remote.service.DriverCommandExecutor.execute(DriverCommandExecutor.java:83)
	at org.openqa.selenium.remote.RemoteWebDriver.execute(RemoteWebDriver.java:552)
	at com.kms.katalon.selenium.driver.CChromeDriver.execute(CChromeDriver.java:19)
	at org.openqa.selenium.remote.RemoteWebDriver$RemoteTargetLocator.frame(RemoteWebDriver.java:892)
	at org.openqa.selenium.support.events.EventFiringWebDriver$EventFiringTargetLocator.frame(EventFiringWebDriver.java:707)
	at com.kms.katalon.core.webui.keyword.builtin.SwitchToFrameKeyword$_switchToFrame_closure1.doCall(SwitchToFrameKeyword.groovy:79)
	at com.kms.katalon.core.webui.keyword.builtin.SwitchToFrameKeyword$_switchToFrame_closure1.call(SwitchToFrameKeyword.groovy)
	at com.kms.katalon.core.webui.keyword.internal.WebUIKeywordMain.runKeyword(WebUIKeywordMain.groovy:20)
	... 19 more]]></system-err>
   </testsuite>
</testsuites>
